
Dataframe:
  slice feature                                        slice value  \
0        custom  (array([0, 0, 0, ..., 0, 0, 0]), array([0, 0, ...   
1        custom  (array([0, 0, 0, ..., 0, 0, 0]), array([0, 0, ...   
2        custom  (array([0, 0, 0, ..., 0, 0, 0]), array([0, 0, ...   
3        custom  (array([0, 0, 0, ..., 0, 0, 0]), array([0, 0, ...   
4        custom  (array([0, 0, 0, ..., 0, 0, 0]), array([0, 0, ...   
5        custom  (array([0, 0, 0, ..., 0, 0, 0]), array([0, 0, ...   
6        custom  (array([0, 0, 0, ..., 0, 0, 0]), array([0, 0, ...   
7        custom  (array([0, 0, 0, ..., 0, 0, 0]), array([0, 0, ...   
8        custom  (array([0, 0, 0, ..., 0, 0, 0]), array([0, 0, ...   
9        custom  (array([0, 0, 0, ..., 0, 0, 0]), array([0, 0, ...   

   train size  test size               attack type  Attacker advantage  \
0       24970      24970          THRESHOLD_ATTACK            0.044654   
1       24970      24970       LOGISTIC_REGRESSION            0.045294   
2       24970      24970  MULTI_LAYERED_PERCEPTRON            0.043813   
3       24970      24970             RANDOM_FOREST            0.039928   
4       24970      24970       K_NEAREST_NEIGHBORS            0.014858   
5          30         30          THRESHOLD_ATTACK            0.233333   
6          30         30       LOGISTIC_REGRESSION            0.233333   
7          30         30  MULTI_LAYERED_PERCEPTRON            0.200000   
8          30         30             RANDOM_FOREST            0.133333   
9          30         30       K_NEAREST_NEIGHBORS            0.166667   

   Positive predictive value       AUC  Epsilon lower bound_1  \
0                   0.534483  0.518042               0.687178   
1                   0.534483  0.520415               0.657034   
2                   0.523256  0.525655               0.756997   
3                   0.539007  0.524480               0.876706   
4                   0.549419  0.511229               0.096622   
5                   1.000000  0.566667               0.414990   
6                   1.000000  0.612222               0.120279   
7                   1.000000  0.590000               0.633212   
8                   1.000000  0.465000              -0.019393   
9                   0.562500  0.541667              -0.011785   

   Epsilon lower bound_2  Epsilon lower bound_3  Epsilon lower bound_4  \
0               0.685626               0.685474               0.684072   
1               0.656926               0.656613               0.655041   
2               0.756302               0.755538               0.754990   
3               0.874859               0.873384               0.871665   
4               0.081751               0.074264               0.035760   
5               0.325710               0.137408               0.120279   
6               0.113847               0.087325               0.055633   
7               0.414990               0.325710               0.137408   
8              -0.042017              -0.050755              -0.055295   
9              -0.035448              -0.050755              -0.055295   

   Epsilon lower bound_5  
0               0.683925  
1               0.654941  
2               0.754447  
3               0.867877  
4               0.035410  
5               0.099934  
6               0.049366  
7               0.054557  
8              -0.055295  
9              -0.055295  

Max AUC Attacker Result:
SingleAttackResult(
  SliceSpec: Custom indices: slice_name = modified_indices
  DataSize: (ntrain=30, ntest=30)
  AttackType: LOGISTIC_REGRESSION
  AUC: 0.61
  Attacker advantage: 0.23
  Positive Predictive Value: 1.00
  Epsilon lower bound: 0.1203, 0.1138, 0.0873, 0.0556, 0.0494
)
