
Dataframe:
     slice feature                                        slice value  \
0   Entire dataset                                                      
1   Entire dataset                                                      
2   Entire dataset                                                      
3   Entire dataset                                                      
4   Entire dataset                                                      
5           custom  (array([0, 0, 0, ..., 0, 0, 0]), array([0, 0, ...   
6           custom  (array([0, 0, 0, ..., 0, 0, 0]), array([0, 0, ...   
7           custom  (array([0, 0, 0, ..., 0, 0, 0]), array([0, 0, ...   
8           custom  (array([0, 0, 0, ..., 0, 0, 0]), array([0, 0, ...   
9           custom  (array([0, 0, 0, ..., 0, 0, 0]), array([0, 0, ...   
10          custom  (array([0, 0, 0, ..., 0, 0, 0]), array([0, 0, ...   
11          custom  (array([0, 0, 0, ..., 0, 0, 0]), array([0, 0, ...   
12          custom  (array([0, 0, 0, ..., 0, 0, 0]), array([0, 0, ...   
13          custom  (array([0, 0, 0, ..., 0, 0, 0]), array([0, 0, ...   
14          custom  (array([0, 0, 0, ..., 0, 0, 0]), array([0, 0, ...   

    train size  test size               attack type  Attacker advantage  \
0        25000      25000          THRESHOLD_ATTACK            0.016440   
1        25000      25000       LOGISTIC_REGRESSION            0.017680   
2        25000      25000  MULTI_LAYERED_PERCEPTRON            0.015120   
3        25000      25000             RANDOM_FOREST            0.012920   
4        25000      25000       K_NEAREST_NEIGHBORS            0.005640   
5        24970      24970          THRESHOLD_ATTACK            0.016540   
6        24970      24970       LOGISTIC_REGRESSION            0.017901   
7        24970      24970  MULTI_LAYERED_PERCEPTRON            0.017101   
8        24970      24970             RANDOM_FOREST            0.016300   
9        24970      24970       K_NEAREST_NEIGHBORS            0.006768   
10          30         30          THRESHOLD_ATTACK            0.200000   
11          30         30       LOGISTIC_REGRESSION            0.300000   
12          30         30  MULTI_LAYERED_PERCEPTRON            0.233333   
13          30         30             RANDOM_FOREST            0.166667   
14          30         30       K_NEAREST_NEIGHBORS            0.100000   

    Positive predictive value       AUC  Epsilon lower bound_1  \
0                    0.612903  0.505593               0.182725   
1                    0.523810  0.507575               0.315763   
2                    0.543058  0.509598               0.215310   
3                    0.530505  0.506596               0.054117   
4                    0.501042  0.497628              -0.000066   
5                    0.612903  0.505563               0.169499   
6                    0.557692  0.507640               0.232619   
7                    0.551331  0.508178               0.206216   
8                    0.615385  0.508599               0.108654   
9                    0.500000  0.496216              -0.000066   
10                   1.000000  0.597778               0.047603   
11                   1.000000  0.591111               0.244608   
12                   1.000000  0.543333               0.113847   
13                   0.625000  0.515556              -0.023996   
14                   0.666667  0.538889              -0.055295   

    Epsilon lower bound_2  Epsilon lower bound_3  Epsilon lower bound_4  \
0                0.180813               0.177742               0.176236   
1                0.298945               0.291932               0.288981   
2                0.196778               0.188722               0.187485   
3                0.053919               0.053726               0.053693   
4               -0.000066              -0.001720              -0.002883   
5                0.167307               0.166289               0.164586   
6                0.222628               0.218474               0.212538   
7                0.184267               0.169967               0.167902   
8                0.107146               0.106262               0.105641   
9               -0.000066              -0.000340              -0.000621   
10               0.014616              -0.008994              -0.011785   
11               0.216144               0.168919               0.150539   
12               0.087325               0.049366               0.044486   
13              -0.045981              -0.050755              -0.055295   
14              -0.055295              -0.062108              -0.116284   

    Epsilon lower bound_5  
0                0.176054  
1                0.288041  
2                0.186871  
3                0.053661  
4               -0.003129  
5                0.164177  
6                0.210591  
7                0.167415  
8                0.104957  
9               -0.000649  
10              -0.013655  
11               0.146543  
12               0.018207  
13              -0.055295  
14              -0.133402  

Max AUC Attacker Result:
SingleAttackResult(
  SliceSpec: Custom indices: slice_name = modified_indices
  DataSize: (ntrain=30, ntest=30)
  AttackType: THRESHOLD_ATTACK
  AUC: 0.60
  Attacker advantage: 0.20
  Positive Predictive Value: 1.00
  Epsilon lower bound: 0.0476, 0.0146, -0.0090, -0.0118, -0.0137
)
