
Dataframe:
  slice feature                                        slice value  \
0        custom  (array([0, 0, 0, ..., 0, 0, 0]), array([0, 0, ...   
1        custom  (array([0, 0, 0, ..., 0, 0, 0]), array([0, 0, ...   
2        custom  (array([0, 0, 0, ..., 0, 0, 0]), array([0, 0, ...   
3        custom  (array([0, 0, 0, ..., 0, 0, 0]), array([0, 0, ...   
4        custom  (array([0, 0, 0, ..., 0, 0, 0]), array([0, 0, ...   
5        custom  (array([0, 0, 0, ..., 0, 0, 0]), array([0, 0, ...   
6        custom  (array([0, 0, 0, ..., 0, 0, 0]), array([0, 0, ...   
7        custom  (array([0, 0, 0, ..., 0, 0, 0]), array([0, 0, ...   
8        custom  (array([0, 0, 0, ..., 0, 0, 0]), array([0, 0, ...   
9        custom  (array([0, 0, 0, ..., 0, 0, 0]), array([0, 0, ...   

   train size  test size               attack type  Attacker advantage  \
0       24970      24970          THRESHOLD_ATTACK            0.021666   
1       24970      24970       LOGISTIC_REGRESSION            0.023869   
2       24970      24970  MULTI_LAYERED_PERCEPTRON            0.019664   
3       24970      24970             RANDOM_FOREST            0.022107   
4       24970      24970       K_NEAREST_NEIGHBORS            0.003845   
5          30         30          THRESHOLD_ATTACK            0.266667   
6          30         30       LOGISTIC_REGRESSION            0.200000   
7          30         30  MULTI_LAYERED_PERCEPTRON            0.100000   
8          30         30             RANDOM_FOREST            0.133333   
9          30         30       K_NEAREST_NEIGHBORS            0.100000   

   Positive predictive value       AUC  Epsilon lower bound_1  \
0                   0.516129  0.504370               0.410939   
1                   0.533546  0.515014               0.408387   
2                   0.559322  0.512116               0.471747   
3                   0.509463  0.509752               1.236468   
4                   0.501185  0.501487              -0.000066   
5                   0.800000  0.438889               0.114523   
6                   1.000000  0.562222              -0.001143   
7                   0.800000  0.506667              -0.017535   
8                   0.600000  0.469444              -0.046072   
9                   0.500000  0.456111              -0.019393   

   Epsilon lower bound_2  Epsilon lower bound_3  Epsilon lower bound_4  \
0               0.409415               0.408527               0.407889   
1               0.407705               0.407300               0.406749   
2               0.466579               0.462682               0.461384   
3               1.155319               1.067058               1.052048   
4              -0.000066              -0.001160              -0.002243   
5               0.099253               0.046859               0.041344   
6              -0.002039              -0.017535              -0.036292   
7              -0.019393              -0.019393              -0.036292   
8              -0.050755              -0.055295              -0.055295   
9              -0.055295              -0.055295              -0.160068   

   Epsilon lower bound_5  
0               0.406763  
1               0.406063  
2               0.456162  
3               0.970327  
4              -0.002367  
5               0.038403  
6              -0.036292  
7              -0.042017  
8              -0.062108  
9              -0.188691  

Max AUC Attacker Result:
SingleAttackResult(
  SliceSpec: Custom indices: slice_name = modified_indices
  DataSize: (ntrain=30, ntest=30)
  AttackType: LOGISTIC_REGRESSION
  AUC: 0.56
  Attacker advantage: 0.20
  Positive Predictive Value: 1.00
  Epsilon lower bound: -0.0011, -0.0020, -0.0175, -0.0363, -0.0363
)
