
Dataframe:
  slice feature                                        slice value  \
0        custom  (array([0, 0, 0, ..., 0, 0, 0]), array([0, 0, ...   
1        custom  (array([0, 0, 0, ..., 0, 0, 0]), array([0, 0, ...   
2        custom  (array([0, 0, 0, ..., 0, 0, 0]), array([0, 0, ...   
3        custom  (array([0, 0, 0, ..., 0, 0, 0]), array([0, 0, ...   
4        custom  (array([0, 0, 0, ..., 0, 0, 0]), array([0, 0, ...   
5        custom  (array([0, 0, 0, ..., 0, 0, 0]), array([0, 0, ...   
6        custom  (array([0, 0, 0, ..., 0, 0, 0]), array([0, 0, ...   
7        custom  (array([0, 0, 0, ..., 0, 0, 0]), array([0, 0, ...   
8        custom  (array([0, 0, 0, ..., 0, 0, 0]), array([0, 0, ...   
9        custom  (array([0, 0, 0, ..., 0, 0, 0]), array([0, 0, ...   

   train size  test size               attack type  Attacker advantage  \
0       24970      24970          THRESHOLD_ATTACK            0.014297   
1       24970      24970       LOGISTIC_REGRESSION            0.016620   
2       24970      24970  MULTI_LAYERED_PERCEPTRON            0.016420   
3       24970      24970             RANDOM_FOREST            0.015378   
4       24970      24970       K_NEAREST_NEIGHBORS            0.006127   
5          30         30          THRESHOLD_ATTACK            0.233333   
6          30         30       LOGISTIC_REGRESSION            0.266667   
7          30         30  MULTI_LAYERED_PERCEPTRON            0.133333   
8          30         30             RANDOM_FOREST            0.166667   
9          30         30       K_NEAREST_NEIGHBORS            0.166667   

   Positive predictive value       AUC  Epsilon lower bound_1  \
0                   0.533333  0.501661               0.141180   
1                   0.514377  0.507965               0.137074   
2                   0.507877  0.507422               0.174940   
3                   0.516129  0.508125               0.671960   
4                   0.503796  0.503119               0.009528   
5                   1.000000  0.460000               0.414990   
6                   1.000000  0.375556               0.282476   
7                   1.000000  0.490000               0.099934   
8                   1.000000  0.534444              -0.041294   
9                   0.750000  0.602778              -0.019393   

   Epsilon lower bound_2  Epsilon lower bound_3  Epsilon lower bound_4  \
0               0.141060               0.140528               0.140408   
1               0.127618               0.127531               0.127359   
2               0.166855               0.165066               0.162223   
3               0.618072               0.585937               0.532774   
4               0.001393              -0.000066              -0.000066   
5               0.325710               0.137408               0.099934   
6               0.206580               0.201478               0.120279   
7               0.005399              -0.017535              -0.019393   
8              -0.041294              -0.050755              -0.055295   
9              -0.042017              -0.055295              -0.055295   

   Epsilon lower bound_5  
0               0.140288  
1               0.127091  
2               0.160989  
3               0.515877  
4              -0.003418  
5               0.041344  
6               0.113847  
7              -0.030504  
8              -0.055295  
9              -0.055917  

Max AUC Attacker Result:
SingleAttackResult(
  SliceSpec: Custom indices: slice_name = modified_indices
  DataSize: (ntrain=30, ntest=30)
  AttackType: K_NEAREST_NEIGHBORS
  AUC: 0.60
  Attacker advantage: 0.17
  Positive Predictive Value: 0.75
  Epsilon lower bound: -0.0194, -0.0420, -0.0553, -0.0553, -0.0559
)
