
Dataframe:
  slice feature                                        slice value  \
0        custom  (array([0, 0, 0, ..., 0, 0, 0]), array([0, 0, ...   
1        custom  (array([0, 0, 0, ..., 0, 0, 0]), array([0, 0, ...   
2        custom  (array([0, 0, 0, ..., 0, 0, 0]), array([0, 0, ...   
3        custom  (array([0, 0, 0, ..., 0, 0, 0]), array([0, 0, ...   
4        custom  (array([0, 0, 0, ..., 0, 0, 0]), array([0, 0, ...   
5        custom  (array([0, 0, 0, ..., 0, 0, 0]), array([0, 0, ...   
6        custom  (array([0, 0, 0, ..., 0, 0, 0]), array([0, 0, ...   
7        custom  (array([0, 0, 0, ..., 0, 0, 0]), array([0, 0, ...   
8        custom  (array([0, 0, 0, ..., 0, 0, 0]), array([0, 0, ...   
9        custom  (array([0, 0, 0, ..., 0, 0, 0]), array([0, 0, ...   

   train size  test size               attack type  Attacker advantage  \
0       24970      24970          THRESHOLD_ATTACK            0.014577   
1       24970      24970       LOGISTIC_REGRESSION            0.021025   
2       24970      24970  MULTI_LAYERED_PERCEPTRON            0.018462   
3       24970      24970             RANDOM_FOREST            0.016139   
4       24970      24970       K_NEAREST_NEIGHBORS            0.001642   
5          30         30          THRESHOLD_ATTACK            0.233333   
6          30         30       LOGISTIC_REGRESSION            0.200000   
7          30         30  MULTI_LAYERED_PERCEPTRON            0.233333   
8          30         30             RANDOM_FOREST            0.366667   
9          30         30       K_NEAREST_NEIGHBORS            0.033333   

   Positive predictive value       AUC  Epsilon lower bound_1  \
0                   0.694444  0.502000               0.315830   
1                   0.530864  0.509738               0.126108   
2                   0.515978  0.509914               0.266569   
3                   0.561404  0.506333               0.409196   
4                   0.502899  0.500974              -0.000066   
5                   0.714286  0.611111               0.113847   
6                   0.700000  0.567778              -0.026108   
7                   1.000000  0.452222               0.041344   
8                   0.500000  0.337222               0.381250   
9                   0.511111  0.507778              -0.055295   

   Epsilon lower bound_2  Epsilon lower bound_3  Epsilon lower bound_4  \
0               0.308705               0.277269               0.266277   
1               0.125956               0.125927               0.125327   
2               0.132311               0.130154               0.129570   
3               0.308705               0.204388               0.197285   
4              -0.000066              -0.003779              -0.003935   
5               0.068644               0.068644               0.049366   
6              -0.026108              -0.030504              -0.050755   
7               0.038403              -0.017535              -0.023723   
8               0.345404               0.315173               0.282774   
9              -0.055295              -0.113540              -0.113540   

   Epsilon lower bound_5  
0               0.244049  
1               0.125263  
2               0.128989  
3               0.180155  
4              -0.007333  
5               0.046859  
6              -0.050755  
7              -0.023723  
8               0.282311  
9              -0.200441  

Max AUC Attacker Result:
SingleAttackResult(
  SliceSpec: Custom indices: slice_name = modified_indices
  DataSize: (ntrain=30, ntest=30)
  AttackType: THRESHOLD_ATTACK
  AUC: 0.61
  Attacker advantage: 0.23
  Positive Predictive Value: 0.71
  Epsilon lower bound: 0.1138, 0.0686, 0.0686, 0.0494, 0.0469
)
