
Dataframe:
  slice feature                                        slice value  \
0        custom  (array([0, 0, 0, ..., 0, 0, 0]), array([0, 0, ...   
1        custom  (array([0, 0, 0, ..., 0, 0, 0]), array([0, 0, ...   
2        custom  (array([0, 0, 0, ..., 0, 0, 0]), array([0, 0, ...   
3        custom  (array([0, 0, 0, ..., 0, 0, 0]), array([0, 0, ...   
4        custom  (array([0, 0, 0, ..., 0, 0, 0]), array([0, 0, ...   
5        custom  (array([0, 0, 0, ..., 0, 0, 0]), array([0, 0, ...   
6        custom  (array([0, 0, 0, ..., 0, 0, 0]), array([0, 0, ...   
7        custom  (array([0, 0, 0, ..., 0, 0, 0]), array([0, 0, ...   
8        custom  (array([0, 0, 0, ..., 0, 0, 0]), array([0, 0, ...   
9        custom  (array([0, 0, 0, ..., 0, 0, 0]), array([0, 0, ...   

   train size  test size               attack type  Attacker advantage  \
0       24970      24970          THRESHOLD_ATTACK            0.007649   
1       24970      24970       LOGISTIC_REGRESSION            0.008650   
2       24970      24970  MULTI_LAYERED_PERCEPTRON            0.005887   
3       24970      24970             RANDOM_FOREST            0.007329   
4       24970      24970       K_NEAREST_NEIGHBORS            0.003845   
5          30         30          THRESHOLD_ATTACK            0.133333   
6          30         30       LOGISTIC_REGRESSION            0.333333   
7          30         30  MULTI_LAYERED_PERCEPTRON            0.233333   
8          30         30             RANDOM_FOREST            0.300000   
9          30         30       K_NEAREST_NEIGHBORS            0.133333   

   Positive predictive value       AUC  Epsilon lower bound_1  \
0                   0.684211  0.502882               0.577002   
1                   0.530159  0.501670               0.033925   
2                   0.511211  0.497876               0.266569   
3                   0.553571  0.502915               0.214197   
4                   0.501921  0.502013              -0.000066   
5                   1.000000  0.475556              -0.036292   
6                   0.508475  0.328889               0.422644   
7                   0.666667  0.575556               0.046859   
8                   0.628571  0.534444               0.216144   
9                   0.538462  0.494444              -0.030504   

   Epsilon lower bound_2  Epsilon lower bound_3  Epsilon lower bound_4  \
0               0.532774               0.467374               0.460039   
1               0.028373               0.028271               0.006762   
2               0.137647               0.130557               0.127642   
3               0.159321               0.130596               0.127905   
4              -0.000066              -0.002998              -0.005505   
5              -0.042017              -0.050755              -0.050755   
6               0.357306               0.325710               0.289350   
7               0.041344               0.038403               0.037550   
8               0.201478               0.168919               0.163422   
9              -0.042017              -0.055295              -0.055295   

   Epsilon lower bound_5  
0               0.451488  
1               0.005881  
2               0.124802  
3               0.101337  
4              -0.005597  
5              -0.055295  
6               0.282476  
7              -0.017535  
8               0.150539  
9              -0.078876  

Max AUC Attacker Result:
SingleAttackResult(
  SliceSpec: Custom indices: slice_name = modified_indices
  DataSize: (ntrain=30, ntest=30)
  AttackType: MULTI_LAYERED_PERCEPTRON
  AUC: 0.58
  Attacker advantage: 0.23
  Positive Predictive Value: 0.67
  Epsilon lower bound: 0.0469, 0.0413, 0.0384, 0.0376, -0.0175
)
