
Dataframe:
  slice feature                                        slice value  \
0        custom  (array([0, 0, 0, ..., 0, 0, 0]), array([0, 0, ...   
1        custom  (array([0, 0, 0, ..., 0, 0, 0]), array([0, 0, ...   
2        custom  (array([0, 0, 0, ..., 0, 0, 0]), array([0, 0, ...   
3        custom  (array([0, 0, 0, ..., 0, 0, 0]), array([0, 0, ...   
4        custom  (array([0, 0, 0, ..., 0, 0, 0]), array([0, 0, ...   
5        custom  (array([0, 0, 0, ..., 0, 0, 0]), array([0, 0, ...   
6        custom  (array([0, 0, 0, ..., 0, 0, 0]), array([0, 0, ...   
7        custom  (array([0, 0, 0, ..., 0, 0, 0]), array([0, 0, ...   
8        custom  (array([0, 0, 0, ..., 0, 0, 0]), array([0, 0, ...   
9        custom  (array([0, 0, 0, ..., 0, 0, 0]), array([0, 0, ...   

   train size  test size               attack type  Attacker advantage  \
0       24970      24970          THRESHOLD_ATTACK            0.008610   
1       24970      24970       LOGISTIC_REGRESSION            0.011814   
2       24970      24970  MULTI_LAYERED_PERCEPTRON            0.007930   
3       24970      24970             RANDOM_FOREST            0.005727   
4       24970      24970       K_NEAREST_NEIGHBORS            0.004886   
5          30         30          THRESHOLD_ATTACK            0.166667   
6          30         30       LOGISTIC_REGRESSION            0.166667   
7          30         30  MULTI_LAYERED_PERCEPTRON            0.133333   
8          30         30             RANDOM_FOREST            0.133333   
9          30         30       K_NEAREST_NEIGHBORS            0.166667   

   Positive predictive value       AUC  Epsilon lower bound_1  \
0                   0.548387  0.501221               0.204986   
1                   0.574074  0.502909               0.197285   
2                   0.609756  0.499773               0.368395   
3                   0.504854  0.501552               0.144963   
4                   0.505948  0.501959              -0.000066   
5                   1.000000  0.515556              -0.042017   
6                   1.000000  0.450000              -0.019393   
7                   0.538462  0.453333               0.137408   
8                   0.666667  0.498889              -0.030504   
9                   1.000000  0.499444               0.120279   

   Epsilon lower bound_2  Epsilon lower bound_3  Epsilon lower bound_4  \
0               0.090965               0.087635               0.081619   
1               0.090965               0.072328               0.042377   
2               0.308705               0.295096               0.229136   
3               0.143812               0.141681               0.139333   
4              -0.000066              -0.001335              -0.001666   
5              -0.050755              -0.050755              -0.055295   
6              -0.035360              -0.036292              -0.042017   
7               0.099934               0.005399               0.004182   
8              -0.050755              -0.050755              -0.055295   
9               0.015949              -0.013555              -0.019393   

   Epsilon lower bound_5  
0               0.080471  
1               0.041679  
2               0.216138  
3               0.137103  
4              -0.001915  
5              -0.055295  
6              -0.050755  
7              -0.013555  
8              -0.055295  
9              -0.042017  

Max AUC Attacker Result:
SingleAttackResult(
  SliceSpec: Custom indices: slice_name = modified_indices
  DataSize: (ntrain=30, ntest=30)
  AttackType: THRESHOLD_ATTACK
  AUC: 0.52
  Attacker advantage: 0.17
  Positive Predictive Value: 1.00
  Epsilon lower bound: -0.0420, -0.0508, -0.0508, -0.0553, -0.0553
)
