
Dataframe:
  slice feature                                        slice value  \
0        custom  (array([0, 0, 0, ..., 0, 0, 0]), array([0, 0, ...   
1        custom  (array([0, 0, 0, ..., 0, 0, 0]), array([0, 0, ...   
2        custom  (array([0, 0, 0, ..., 0, 0, 0]), array([0, 0, ...   
3        custom  (array([0, 0, 0, ..., 0, 0, 0]), array([0, 0, ...   
4        custom  (array([0, 0, 0, ..., 0, 0, 0]), array([0, 0, ...   
5        custom  (array([0, 0, 0, ..., 0, 0, 0]), array([0, 0, ...   
6        custom  (array([0, 0, 0, ..., 0, 0, 0]), array([0, 0, ...   
7        custom  (array([0, 0, 0, ..., 0, 0, 0]), array([0, 0, ...   
8        custom  (array([0, 0, 0, ..., 0, 0, 0]), array([0, 0, ...   
9        custom  (array([0, 0, 0, ..., 0, 0, 0]), array([0, 0, ...   

   train size  test size               attack type  Attacker advantage  \
0       24970      24970          THRESHOLD_ATTACK            0.006047   
1       24970      24970       LOGISTIC_REGRESSION            0.011334   
2       24970      24970  MULTI_LAYERED_PERCEPTRON            0.011414   
3       24970      24970             RANDOM_FOREST            0.008530   
4       24970      24970       K_NEAREST_NEIGHBORS            0.012054   
5          30         30          THRESHOLD_ATTACK            0.233333   
6          30         30       LOGISTIC_REGRESSION            0.200000   
7          30         30  MULTI_LAYERED_PERCEPTRON            0.133333   
8          30         30             RANDOM_FOREST            0.166667   
9          30         30       K_NEAREST_NEIGHBORS            0.133333   

   Positive predictive value       AUC  Epsilon lower bound_1  \
0                   0.555556  0.499898               0.063218   
1                   0.583333  0.493528               0.919494   
2                   0.574468  0.496583               0.108106   
3                   0.566372  0.501965               0.075876   
4                   0.506018  0.505070               0.009403   
5                   0.777778  0.583333               0.120279   
6                   1.000000  0.554444               0.047603   
7                   0.714286  0.488889              -0.036292   
8                   1.000000  0.475556              -0.019393   
9                   1.000000  0.567778              -0.050755   

   Epsilon lower bound_2  Epsilon lower bound_3  Epsilon lower bound_4  \
0               0.061055               0.054907               0.052964   
1               0.766894               0.675967               0.608042   
2               0.033925               0.033611               0.032310   
3               0.061360               0.060293               0.059241   
4               0.009373              -0.000066              -0.000066   
5               0.046859               0.037550               0.020124   
6               0.018207               0.014616               0.005830   
7              -0.041294              -0.046072              -0.050755   
8              -0.030504              -0.035360              -0.042017   
9              -0.055295              -0.055295              -0.085471   

   Epsilon lower bound_5  
0               0.052580  
1               0.587180  
2               0.028950  
3               0.055006  
4              -0.003462  
5               0.015949  
6              -0.023996  
7              -0.050755  
8              -0.045981  
9              -0.087592  

Max AUC Attacker Result:
SingleAttackResult(
  SliceSpec: Custom indices: slice_name = modified_indices
  DataSize: (ntrain=30, ntest=30)
  AttackType: THRESHOLD_ATTACK
  AUC: 0.58
  Attacker advantage: 0.23
  Positive Predictive Value: 0.78
  Epsilon lower bound: 0.1203, 0.0469, 0.0376, 0.0201, 0.0159
)
