
Dataframe:
     slice feature                                        slice value  \
0   Entire dataset                                                      
1   Entire dataset                                                      
2   Entire dataset                                                      
3   Entire dataset                                                      
4   Entire dataset                                                      
5           custom  (array([0, 0, 0, ..., 0, 0, 0]), array([0, 0, ...   
6           custom  (array([0, 0, 0, ..., 0, 0, 0]), array([0, 0, ...   
7           custom  (array([0, 0, 0, ..., 0, 0, 0]), array([0, 0, ...   
8           custom  (array([0, 0, 0, ..., 0, 0, 0]), array([0, 0, ...   
9           custom  (array([0, 0, 0, ..., 0, 0, 0]), array([0, 0, ...   
10          custom  (array([0, 0, 0, ..., 0, 0, 0]), array([0, 0, ...   
11          custom  (array([0, 0, 0, ..., 0, 0, 0]), array([0, 0, ...   
12          custom  (array([0, 0, 0, ..., 0, 0, 0]), array([0, 0, ...   
13          custom  (array([0, 0, 0, ..., 0, 0, 0]), array([0, 0, ...   
14          custom  (array([0, 0, 0, ..., 0, 0, 0]), array([0, 0, ...   

    train size  test size               attack type  Attacker advantage  \
0        52371       5463          THRESHOLD_ATTACK            0.010036   
1        52371       5463       LOGISTIC_REGRESSION            0.120938   
2        52371       5463  MULTI_LAYERED_PERCEPTRON            0.090035   
3        52371       5463             RANDOM_FOREST            0.149720   
4        52371       5463       K_NEAREST_NEIGHBORS            0.151500   
5        52341       5433          THRESHOLD_ATTACK            0.009978   
6        52341       5433       LOGISTIC_REGRESSION            0.111000   
7        52341       5433  MULTI_LAYERED_PERCEPTRON            0.140049   
8        52341       5433             RANDOM_FOREST            0.094779   
9        52341       5433       K_NEAREST_NEIGHBORS            0.145556   
10          30         30          THRESHOLD_ATTACK            0.233333   
11          30         30       LOGISTIC_REGRESSION            0.300000   
12          30         30  MULTI_LAYERED_PERCEPTRON            0.266667   
13          30         30             RANDOM_FOREST            0.266667   
14          30         30       K_NEAREST_NEIGHBORS            0.100000   

    Positive predictive value       AUC  Epsilon lower bound_1  \
0                    0.957895  0.500067               1.077020   
1                    0.922158  0.572838               3.739276   
2                    1.000000  0.566229               3.323650   
3                    1.000000  0.574008               2.936532   
4                    0.934213  0.529677               1.739807   
5                    0.957895  0.499709               1.072087   
6                    0.981818  0.581410               2.781478   
7                    0.940327  0.602436               4.326935   
8                    1.000000  0.556227               2.018168   
9                    0.936117  0.530916               1.445330   
10                   0.578947  0.540000               0.206580   
11                   1.000000  0.650000               0.309321   
12                   1.000000  0.596667               0.144981   
13                   0.642857  0.588333               0.168919   
14                   1.000000  0.566667              -0.036292   

    Epsilon lower bound_2  Epsilon lower bound_3  Epsilon lower bound_4  \
0                1.070349               1.070152               1.063633   
1                3.695795               3.650347               3.626156   
2                3.312548               3.257190               3.240571   
3                2.837567               2.727938               2.669787   
4                0.989804               0.501150               0.461187   
5                1.065416               1.065219               1.058700   
6                2.766212               2.732873               2.732296   
7                4.280420               4.277419               4.240755   
8                1.975895               1.883713               1.817975   
9                1.229243               0.478859               0.441823   
10               0.092557               0.062523               0.047603   
11               0.289350               0.282311               0.216144   
12               0.093837               0.068644               0.068644   
13               0.093894               0.087325               0.068644   
14              -0.055295              -0.055295              -0.060736   

    Epsilon lower bound_5  
0                1.060466  
1                3.602745  
2                3.240285  
3                2.605112  
4                0.343025  
5                1.055533  
6                2.723193  
7                4.231639  
8                1.644398  
9                0.369938  
10               0.024365  
11               0.206580  
12               0.055633  
13               0.044486  
14              -0.141632  

Max AUC Attacker Result:
SingleAttackResult(
  SliceSpec: Custom indices: slice_name = modified_indices
  DataSize: (ntrain=30, ntest=30)
  AttackType: LOGISTIC_REGRESSION
  AUC: 0.65
  Attacker advantage: 0.30
  Positive Predictive Value: 1.00
  Epsilon lower bound: 0.3093, 0.2894, 0.2823, 0.2161, 0.2066
)
