
Dataframe:
     slice feature                                        slice value  \
0   Entire dataset                                                      
1   Entire dataset                                                      
2   Entire dataset                                                      
3   Entire dataset                                                      
4   Entire dataset                                                      
5           custom  (array([0, 0, 0, ..., 0, 0, 0]), array([0, 0, ...   
6           custom  (array([0, 0, 0, ..., 0, 0, 0]), array([0, 0, ...   
7           custom  (array([0, 0, 0, ..., 0, 0, 0]), array([0, 0, ...   
8           custom  (array([0, 0, 0, ..., 0, 0, 0]), array([0, 0, ...   
9           custom  (array([0, 0, 0, ..., 0, 0, 0]), array([0, 0, ...   
10          custom  (array([0, 0, 0, ..., 0, 0, 0]), array([0, 0, ...   
11          custom  (array([0, 0, 0, ..., 0, 0, 0]), array([0, 0, ...   
12          custom  (array([0, 0, 0, ..., 0, 0, 0]), array([0, 0, ...   
13          custom  (array([0, 0, 0, ..., 0, 0, 0]), array([0, 0, ...   
14          custom  (array([0, 0, 0, ..., 0, 0, 0]), array([0, 0, ...   

    train size  test size               attack type  Attacker advantage  \
0        25000      25000          THRESHOLD_ATTACK            0.012640   
1        25000      25000       LOGISTIC_REGRESSION            0.008280   
2        25000      25000  MULTI_LAYERED_PERCEPTRON            0.007640   
3        25000      25000             RANDOM_FOREST            0.006240   
4        25000      25000       K_NEAREST_NEIGHBORS            0.003000   
5        24970      24970          THRESHOLD_ATTACK            0.012695   
6        24970      24970       LOGISTIC_REGRESSION            0.008370   
7        24970      24970  MULTI_LAYERED_PERCEPTRON            0.015939   
8        24970      24970             RANDOM_FOREST            0.008210   
9        24970      24970       K_NEAREST_NEIGHBORS            0.002483   
10          30         30          THRESHOLD_ATTACK            0.333333   
11          30         30       LOGISTIC_REGRESSION            0.400000   
12          30         30  MULTI_LAYERED_PERCEPTRON            0.300000   
13          30         30             RANDOM_FOREST            0.200000   
14          30         30       K_NEAREST_NEIGHBORS            0.166667   

    Positive predictive value       AUC  Epsilon lower bound_1  \
0                    0.572464  0.505158               0.121086   
1                    0.513078  0.504117               0.587180   
2                    0.515773  0.499424               0.608042   
3                    0.602740  0.500137               0.090965   
4                    0.500488  0.499198              -0.000066   
5                    0.572464  0.505240               0.133132   
6                    0.553191  0.502881               0.124975   
7                    0.560000  0.508303               0.047529   
8                    0.514262  0.503279               0.368801   
9                    0.500000  0.498268              -0.000066   
10                   1.000000  0.406667               0.357306   
11                   0.500000  0.276667               0.845835   
12                   1.000000  0.442222               0.178121   
13                   1.000000  0.558889               0.325710   
14                   0.600000  0.564444              -0.055295   

    Epsilon lower bound_2  Epsilon lower bound_3  Epsilon lower bound_4  \
0                0.118555               0.116085               0.111630   
1                0.545681               0.502584               0.500872   
2                0.451488               0.344548               0.266569   
3                0.082377               0.076333               0.071968   
4               -0.000066              -0.003189              -0.003470   
5                0.130454               0.127840               0.124774   
6                0.117279               0.117114               0.115156   
7                0.046690               0.046352               0.046248   
8                0.037294               0.016321               0.015988   
9               -0.000066              -0.002927              -0.004555   
10               0.315173               0.282311               0.246270   
11               0.755350               0.656024               0.594913   
12               0.165823               0.127362               0.114523   
13               0.099934               0.092557               0.032183   
14              -0.055295              -0.062108              -0.073781   

    Epsilon lower bound_5  
0                0.110810  
1                0.457577  
2                0.204986  
3                0.068436  
4               -0.003514  
5                0.123678  
6                0.115132  
7                0.046158  
8                0.015935  
9               -0.006569  
10               0.244608  
11               0.556467  
12               0.105404  
13               0.024365  
14              -0.102937  

Max AUC Attacker Result:
SingleAttackResult(
  SliceSpec: Custom indices: slice_name = modified_indices
  DataSize: (ntrain=30, ntest=30)
  AttackType: K_NEAREST_NEIGHBORS
  AUC: 0.56
  Attacker advantage: 0.17
  Positive Predictive Value: 0.60
  Epsilon lower bound: -0.0553, -0.0553, -0.0621, -0.0738, -0.1029
)
