
Dataframe:
  slice feature                                        slice value  \
0        custom  (array([0, 0, 0, ..., 0, 0, 0]), array([0, 0, ...   
1        custom  (array([0, 0, 0, ..., 0, 0, 0]), array([0, 0, ...   
2        custom  (array([0, 0, 0, ..., 0, 0, 0]), array([0, 0, ...   
3        custom  (array([0, 0, 0, ..., 0, 0, 0]), array([0, 0, ...   
4        custom  (array([0, 0, 0, ..., 0, 0, 0]), array([0, 0, ...   
5        custom  (array([0, 0, 0, ..., 0, 0, 0]), array([0, 0, ...   
6        custom  (array([0, 0, 0, ..., 0, 0, 0]), array([0, 0, ...   
7        custom  (array([0, 0, 0, ..., 0, 0, 0]), array([0, 0, ...   
8        custom  (array([0, 0, 0, ..., 0, 0, 0]), array([0, 0, ...   
9        custom  (array([0, 0, 0, ..., 0, 0, 0]), array([0, 0, ...   

   train size  test size               attack type  Attacker advantage  \
0       24970      24970          THRESHOLD_ATTACK            0.009211   
1       24970      24970       LOGISTIC_REGRESSION            0.004806   
2       24970      24970  MULTI_LAYERED_PERCEPTRON            0.006207   
3       24970      24970             RANDOM_FOREST            0.011013   
4       24970      24970       K_NEAREST_NEIGHBORS            0.005687   
5          30         30          THRESHOLD_ATTACK            0.166667   
6          30         30       LOGISTIC_REGRESSION            0.200000   
7          30         30  MULTI_LAYERED_PERCEPTRON            0.200000   
8          30         30             RANDOM_FOREST            0.200000   
9          30         30       K_NEAREST_NEIGHBORS            0.166667   

   Positive predictive value       AUC  Epsilon lower bound_1  \
0                   0.543478  0.504594               0.012462   
1                   0.514329  0.500277               0.408246   
2                   0.506278  0.502272               0.096505   
3                   0.517757  0.496703               0.041024   
4                   0.500199  0.497157              -0.000066   
5                   0.666667  0.536667              -0.042017   
6                   0.516129  0.413333               0.137408   
7                   0.571429  0.516667               0.092557   
8                   0.500000  0.440556              -0.014993   
9                   0.555556  0.540556              -0.023996   

   Epsilon lower bound_2  Epsilon lower bound_3  Epsilon lower bound_4  \
0               0.012173               0.012164               0.012156   
1               0.363086               0.322567               0.315830   
2               0.096245               0.094830               0.088931   
3               0.009086               0.008989               0.008970   
4              -0.000066              -0.000879              -0.002180   
5              -0.050755              -0.050755              -0.055295   
6               0.099934               0.020124               0.005399   
7               0.047603               0.024365               0.018207   
8              -0.021314              -0.036292              -0.042017   
9              -0.050755              -0.055295              -0.055295   

   Epsilon lower bound_5  
0               0.011953  
1               0.266277  
2               0.087656  
3               0.008969  
4              -0.002808  
5              -0.055295  
6               0.004182  
7               0.014616  
8              -0.050755  
9              -0.067923  

Max AUC Attacker Result:
SingleAttackResult(
  SliceSpec: Custom indices: slice_name = modified_indices
  DataSize: (ntrain=30, ntest=30)
  AttackType: K_NEAREST_NEIGHBORS
  AUC: 0.54
  Attacker advantage: 0.17
  Positive Predictive Value: 0.56
  Epsilon lower bound: -0.0240, -0.0508, -0.0553, -0.0553, -0.0679
)
