
Dataframe:
  slice feature                                        slice value  \
0        custom  (array([0, 0, 0, ..., 0, 0, 0]), array([0, 0, ...   
1        custom  (array([0, 0, 0, ..., 0, 0, 0]), array([0, 0, ...   
2        custom  (array([0, 0, 0, ..., 0, 0, 0]), array([0, 0, ...   
3        custom  (array([0, 0, 0, ..., 0, 0, 0]), array([0, 0, ...   
4        custom  (array([0, 0, 0, ..., 0, 0, 0]), array([0, 0, ...   
5        custom  (array([0, 0, 0, ..., 0, 0, 0]), array([0, 0, ...   
6        custom  (array([0, 0, 0, ..., 0, 0, 0]), array([0, 0, ...   
7        custom  (array([0, 0, 0, ..., 0, 0, 0]), array([0, 0, ...   
8        custom  (array([0, 0, 0, ..., 0, 0, 0]), array([0, 0, ...   
9        custom  (array([0, 0, 0, ..., 0, 0, 0]), array([0, 0, ...   

   train size  test size               attack type  Attacker advantage  \
0       24970      24970          THRESHOLD_ATTACK            0.009051   
1       24970      24970       LOGISTIC_REGRESSION            0.010292   
2       24970      24970  MULTI_LAYERED_PERCEPTRON            0.006928   
3       24970      24970             RANDOM_FOREST            0.012135   
4       24970      24970       K_NEAREST_NEIGHBORS            0.003004   
5          30         30          THRESHOLD_ATTACK            0.200000   
6          30         30       LOGISTIC_REGRESSION            0.400000   
7          30         30  MULTI_LAYERED_PERCEPTRON            0.266667   
8          30         30             RANDOM_FOREST            0.233333   
9          30         30       K_NEAREST_NEIGHBORS            0.100000   

   Positive predictive value       AUC  Epsilon lower bound_1  \
0                   0.609756  0.505048               0.608042   
1                   0.564516  0.503732               0.072328   
2                   0.517857  0.501242               0.259830   
3                   0.544643  0.503617               0.014171   
4                   0.519453  0.499247              -0.000066   
5                   0.666667  0.430000              -0.014993   
6                   0.526316  0.353333               0.443366   
7                   0.666667  0.401111               0.168919   
8                   1.000000  0.568889               0.055633   
9                   0.533333  0.537778              -0.055295   

   Epsilon lower bound_2  Epsilon lower bound_3  Epsilon lower bound_4  \
0               0.451488               0.266569               0.204986   
1               0.006139               0.006071               0.006071   
2               0.246083               0.245746               0.238909   
3               0.014104               0.013346               0.013280   
4              -0.000066              -0.000540              -0.001397   
5              -0.021314              -0.023723              -0.026810   
6               0.381250               0.357306               0.345404   
7               0.144981               0.127362               0.095528   
8               0.038434              -0.014993              -0.019949   
9              -0.055295              -0.111521              -0.166688   

   Epsilon lower bound_5  
0               0.204388  
1               0.006057  
2               0.233252  
3               0.013214  
4              -0.001700  
5              -0.045981  
6               0.328790  
7               0.093894  
8              -0.019949  
9              -0.166688  

Max AUC Attacker Result:
SingleAttackResult(
  SliceSpec: Custom indices: slice_name = modified_indices
  DataSize: (ntrain=30, ntest=30)
  AttackType: RANDOM_FOREST
  AUC: 0.57
  Attacker advantage: 0.23
  Positive Predictive Value: 1.00
  Epsilon lower bound: 0.0556, 0.0384, -0.0150, -0.0199, -0.0199
)
