
Dataframe:
  slice feature                                        slice value  \
0        custom  (array([0, 0, 0, ..., 0, 0, 0]), array([0, 0, ...   
1        custom  (array([0, 0, 0, ..., 0, 0, 0]), array([0, 0, ...   
2        custom  (array([0, 0, 0, ..., 0, 0, 0]), array([0, 0, ...   
3        custom  (array([0, 0, 0, ..., 0, 0, 0]), array([0, 0, ...   
4        custom  (array([0, 0, 0, ..., 0, 0, 0]), array([0, 0, ...   
5        custom  (array([0, 0, 0, ..., 0, 0, 0]), array([0, 0, ...   
6        custom  (array([0, 0, 0, ..., 0, 0, 0]), array([0, 0, ...   
7        custom  (array([0, 0, 0, ..., 0, 0, 0]), array([0, 0, ...   
8        custom  (array([0, 0, 0, ..., 0, 0, 0]), array([0, 0, ...   
9        custom  (array([0, 0, 0, ..., 0, 0, 0]), array([0, 0, ...   

   train size  test size               attack type  Attacker advantage  \
0       24970      24970          THRESHOLD_ATTACK            0.012375   
1       24970      24970       LOGISTIC_REGRESSION            0.010172   
2       24970      24970  MULTI_LAYERED_PERCEPTRON            0.009692   
3       24970      24970             RANDOM_FOREST            0.005527   
4       24970      24970       K_NEAREST_NEIGHBORS            0.004245   
5          30         30          THRESHOLD_ATTACK            0.166667   
6          30         30       LOGISTIC_REGRESSION            0.200000   
7          30         30  MULTI_LAYERED_PERCEPTRON            0.166667   
8          30         30             RANDOM_FOREST            0.100000   
9          30         30       K_NEAREST_NEIGHBORS            0.166667   

   Positive predictive value       AUC  Epsilon lower bound_1  \
0                   0.523810  0.505767               0.090699   
1                   0.517241  0.506255               0.196778   
2                   0.529412  0.502986               0.258476   
3                   0.542553  0.499831               0.107754   
4                   0.501620  0.500606              -0.000066   
5                   1.000000  0.474444              -0.035360   
6                   0.523810  0.427778               0.414990   
7                   0.571429  0.467778               0.137408   
8                   1.000000  0.493889              -0.036292   
9                   0.666667  0.565000              -0.042017   

   Epsilon lower bound_2  Epsilon lower bound_3  Epsilon lower bound_4  \
0               0.089417               0.088572               0.088246   
1               0.135560               0.101337               0.070456   
2               0.240771               0.228567               0.197753   
3               0.102635               0.101524               0.101157   
4              -0.000066              -0.003400              -0.003708   
5              -0.036292              -0.042017              -0.050755   
6               0.137408               0.099934               0.028302   
7               0.120279               0.099934               0.015949   
8              -0.042017              -0.050755              -0.050755   
9              -0.045981              -0.055295              -0.055295   

   Epsilon lower bound_5  
0               0.087921  
1               0.031554  
2               0.196187  
3               0.100509  
4              -0.003784  
5              -0.050755  
6               0.005399  
7               0.005399  
8              -0.055295  
9              -0.062108  

Max AUC Attacker Result:
SingleAttackResult(
  SliceSpec: Custom indices: slice_name = modified_indices
  DataSize: (ntrain=30, ntest=30)
  AttackType: K_NEAREST_NEIGHBORS
  AUC: 0.57
  Attacker advantage: 0.17
  Positive Predictive Value: 0.67
  Epsilon lower bound: -0.0420, -0.0460, -0.0553, -0.0553, -0.0621
)
