
Dataframe:
  slice feature                                        slice value  \
0        custom  (array([0, 0, 0, ..., 0, 0, 0]), array([0, 0, ...   
1        custom  (array([0, 0, 0, ..., 0, 0, 0]), array([0, 0, ...   
2        custom  (array([0, 0, 0, ..., 0, 0, 0]), array([0, 0, ...   
3        custom  (array([0, 0, 0, ..., 0, 0, 0]), array([0, 0, ...   
4        custom  (array([0, 0, 0, ..., 0, 0, 0]), array([0, 0, ...   
5        custom  (array([0, 0, 0, ..., 0, 0, 0]), array([0, 0, ...   
6        custom  (array([0, 0, 0, ..., 0, 0, 0]), array([0, 0, ...   
7        custom  (array([0, 0, 0, ..., 0, 0, 0]), array([0, 0, ...   
8        custom  (array([0, 0, 0, ..., 0, 0, 0]), array([0, 0, ...   
9        custom  (array([0, 0, 0, ..., 0, 0, 0]), array([0, 0, ...   

   train size  test size               attack type  Attacker advantage  \
0       24970      24970          THRESHOLD_ATTACK            0.009171   
1       24970      24970       LOGISTIC_REGRESSION            0.013937   
2       24970      24970  MULTI_LAYERED_PERCEPTRON            0.006888   
3       24970      24970             RANDOM_FOREST            0.009892   
4       24970      24970       K_NEAREST_NEIGHBORS            0.008730   
5          30         30          THRESHOLD_ATTACK            0.200000   
6          30         30       LOGISTIC_REGRESSION            0.133333   
7          30         30  MULTI_LAYERED_PERCEPTRON            0.166667   
8          30         30             RANDOM_FOREST            0.300000   
9          30         30       K_NEAREST_NEIGHBORS            0.200000   

   Positive predictive value       AUC  Epsilon lower bound_1  \
0                   0.574074  0.505120               0.308705   
1                   0.529412  0.492460               0.035937   
2                   0.596154  0.502577               0.031871   
3                   0.551613  0.503044               0.087635   
4                   0.504355  0.503227               0.002747   
5                   0.666667  0.435556              -0.001143   
6                   0.578947  0.531111              -0.017535   
7                   0.538462  0.454444               0.325710   
8                   0.508475  0.393889               0.216144   
9                   0.500000  0.342778               0.633212   

   Epsilon lower bound_2  Epsilon lower bound_3  Epsilon lower bound_4  \
0               0.204388               0.197285               0.130596   
1               0.034318               0.032628               0.030933   
2               0.030711               0.023938               0.022839   
3               0.085789               0.085401               0.085305   
4               0.002733              -0.000066              -0.000066   
5              -0.002039              -0.019393              -0.042017   
6              -0.036292              -0.042017              -0.050755   
7               0.099934               0.032183               0.005399   
8               0.168919               0.150539               0.144981   
9               0.414990               0.054557               0.028302   

   Epsilon lower bound_5  
0               0.102740  
1               0.029282  
2               0.021763  
3               0.084830  
4              -0.001203  
5              -0.045981  
6              -0.050755  
7              -0.013555  
8               0.127362  
9              -0.055295  

Max AUC Attacker Result:
SingleAttackResult(
  SliceSpec: Custom indices: slice_name = modified_indices
  DataSize: (ntrain=30, ntest=30)
  AttackType: LOGISTIC_REGRESSION
  AUC: 0.53
  Attacker advantage: 0.13
  Positive Predictive Value: 0.58
  Epsilon lower bound: -0.0175, -0.0363, -0.0420, -0.0508, -0.0508
)
