
Dataframe:
     slice feature                                        slice value  \
0   Entire dataset                                                      
1   Entire dataset                                                      
2   Entire dataset                                                      
3   Entire dataset                                                      
4   Entire dataset                                                      
5           custom  (array([0, 0, 0, ..., 0, 0, 0]), array([0, 0, ...   
6           custom  (array([0, 0, 0, ..., 0, 0, 0]), array([0, 0, ...   
7           custom  (array([0, 0, 0, ..., 0, 0, 0]), array([0, 0, ...   
8           custom  (array([0, 0, 0, ..., 0, 0, 0]), array([0, 0, ...   
9           custom  (array([0, 0, 0, ..., 0, 0, 0]), array([0, 0, ...   
10          custom  (array([0, 0, 0, ..., 0, 0, 0]), array([0, 0, ...   
11          custom  (array([0, 0, 0, ..., 0, 0, 0]), array([0, 0, ...   
12          custom  (array([0, 0, 0, ..., 0, 0, 0]), array([0, 0, ...   
13          custom  (array([0, 0, 0, ..., 0, 0, 0]), array([0, 0, ...   
14          custom  (array([0, 0, 0, ..., 0, 0, 0]), array([0, 0, ...   

    train size  test size               attack type  Attacker advantage  \
0        52371       5463          THRESHOLD_ATTACK            0.022625   
1        52371       5463       LOGISTIC_REGRESSION            0.055428   
2        52371       5463  MULTI_LAYERED_PERCEPTRON            0.197624   
3        52371       5463             RANDOM_FOREST            0.047930   
4        52371       5463       K_NEAREST_NEIGHBORS            0.116330   
5        52341       5433          THRESHOLD_ATTACK            0.020459   
6        52341       5433       LOGISTIC_REGRESSION            0.059333   
7        52341       5433  MULTI_LAYERED_PERCEPTRON            0.052303   
8        52341       5433             RANDOM_FOREST            0.195996   
9        52341       5433       K_NEAREST_NEIGHBORS            0.126212   
10          30         30          THRESHOLD_ATTACK            0.266667   
11          30         30       LOGISTIC_REGRESSION            0.166667   
12          30         30  MULTI_LAYERED_PERCEPTRON            0.133333   
13          30         30             RANDOM_FOREST            0.266667   
14          30         30       K_NEAREST_NEIGHBORS            0.166667   

    Positive predictive value       AUC  Epsilon lower bound_1  \
0                    0.973684  0.513689               0.346700   
1                    0.911417  0.508870               2.605112   
2                    0.981132  0.603716               1.878778   
3                    0.910611  0.507264               1.329561   
4                    0.924948  0.499065               0.637400   
5                    0.973684  0.511492               0.341112   
6                    0.915351  0.497177               2.127862   
7                    0.934426  0.506876               0.395520   
8                    0.924039  0.508809               2.302855   
9                    0.937789  0.494989               0.496722   
10                   1.000000  0.621111               0.545972   
11                   1.000000  0.510000               0.414990   
12                   1.000000  0.486667               0.137408   
13                   0.705882  0.603333               0.201478   
14                   0.519231  0.440556               0.325710   

    Epsilon lower bound_2  Epsilon lower bound_3  Epsilon lower bound_4  \
0                0.346045               0.332141               0.322921   
1                2.465550               2.457874               2.332916   
2                1.615893               1.614867               1.591506   
3                1.275412               1.224093               1.222398   
4                0.491494               0.482082               0.422915   
5                0.327209               0.317989               0.313109   
6                2.124656               2.123419               2.123116   
7                0.395008               0.394496               0.393983   
8                2.176341               2.156002               2.146714   
9                0.456097               0.407166               0.384654   
10               0.422644               0.414990               0.325710   
11               0.137408               0.099934               0.028302   
12               0.099934               0.005399               0.004182   
13               0.151658               0.144981               0.113847   
14               0.099934               0.032183               0.005399   

    Epsilon lower bound_5  
0                0.318042  
1                2.304095  
2                1.578395  
3                1.175317  
4                0.348795  
5                0.311097  
6                2.119979  
7                0.393471  
8                2.144709  
9                0.345237  
10               0.289350  
11               0.020124  
12              -0.017535  
13               0.095497  
14              -0.036292  

Max AUC Attacker Result:
SingleAttackResult(
  SliceSpec: Custom indices: slice_name = modified_indices
  DataSize: (ntrain=30, ntest=30)
  AttackType: THRESHOLD_ATTACK
  AUC: 0.62
  Attacker advantage: 0.27
  Positive Predictive Value: 1.00
  Epsilon lower bound: 0.5460, 0.4226, 0.4150, 0.3257, 0.2894
)
