
Dataframe:
     slice feature                                        slice value  \
0   Entire dataset                                                      
1   Entire dataset                                                      
2   Entire dataset                                                      
3   Entire dataset                                                      
4   Entire dataset                                                      
5           custom  (array([0, 0, 0, ..., 0, 0, 0]), array([0, 0, ...   
6           custom  (array([0, 0, 0, ..., 0, 0, 0]), array([0, 0, ...   
7           custom  (array([0, 0, 0, ..., 0, 0, 0]), array([0, 0, ...   
8           custom  (array([0, 0, 0, ..., 0, 0, 0]), array([0, 0, ...   
9           custom  (array([0, 0, 0, ..., 0, 0, 0]), array([0, 0, ...   
10          custom  (array([0, 0, 0, ..., 0, 0, 0]), array([0, 0, ...   
11          custom  (array([0, 0, 0, ..., 0, 0, 0]), array([0, 0, ...   
12          custom  (array([0, 0, 0, ..., 0, 0, 0]), array([0, 0, ...   
13          custom  (array([0, 0, 0, ..., 0, 0, 0]), array([0, 0, ...   
14          custom  (array([0, 0, 0, ..., 0, 0, 0]), array([0, 0, ...   

    train size  test size               attack type  Attacker advantage  \
0        52371       5463          THRESHOLD_ATTACK            0.017481   
1        52371       5463       LOGISTIC_REGRESSION            0.181600   
2        52371       5463  MULTI_LAYERED_PERCEPTRON            0.085486   
3        52371       5463             RANDOM_FOREST            0.081575   
4        52371       5463       K_NEAREST_NEIGHBORS            0.013961   
5        52341       5433          THRESHOLD_ATTACK            0.018278   
6        52341       5433       LOGISTIC_REGRESSION            0.106342   
7        52341       5433  MULTI_LAYERED_PERCEPTRON            0.117017   
8        52341       5433             RANDOM_FOREST            0.098556   
9        52341       5433       K_NEAREST_NEIGHBORS            0.138177   
10          30         30          THRESHOLD_ATTACK            0.166667   
11          30         30       LOGISTIC_REGRESSION            0.300000   
12          30         30  MULTI_LAYERED_PERCEPTRON            0.366667   
13          30         30             RANDOM_FOREST            0.166667   
14          30         30       K_NEAREST_NEIGHBORS            0.066667   

    Positive predictive value       AUC  Epsilon lower bound_1  \
0                    0.965517  0.497946               0.231140   
1                    0.983871  0.526686               1.236954   
2                    0.970588  0.534957               0.426646   
3                    0.950820  0.531426               1.738322   
4                    0.907928  0.503986               0.004679   
5                    0.965517  0.497074               0.245337   
6                    0.916437  0.519880               2.023759   
7                    0.939394  0.539354               0.437737   
8                    0.939551  0.537157               2.263060   
9                    0.924919  0.504821               0.662710   
10                   0.666667  0.554444              -0.030504   
11                   0.571429  0.388889               0.282311   
12                   0.500000  0.328889               0.422644   
13                   0.533333  0.438889              -0.042017   
14                   0.535714  0.520556              -0.055295   

    Epsilon lower bound_2  Epsilon lower bound_3  Epsilon lower bound_4  \
0                0.229525               0.229259               0.229022   
1                1.233812               1.230660               1.227497   
2                0.422987               0.419314               0.415628   
3                1.704056               1.657130               1.639462   
4                0.004398              -0.000132              -0.000296   
5                0.243716               0.242093               0.240467   
6                2.006012               2.004054               2.000007   
7                0.437149               0.436561               0.435972   
8                2.255197               2.253402               2.249048   
9                0.575786               0.471797               0.434734   
10              -0.050755              -0.050755              -0.055295   
11               0.246270               0.201478               0.168919   
12               0.414990               0.325710               0.325710   
13              -0.050755              -0.050755              -0.055295   
14              -0.055295              -0.091391              -0.113540   

    Epsilon lower bound_5  
0                0.228225  
1                1.224325  
2                0.412157  
3                1.614867  
4               -0.004072  
5                0.238839  
6                1.997915  
7                0.435383  
8                2.241137  
9                0.192000  
10              -0.055295  
11               0.151658  
12               0.317176  
13              -0.055295  
14              -0.113540  

Max AUC Attacker Result:
SingleAttackResult(
  SliceSpec: Custom indices: slice_name = modified_indices
  DataSize: (ntrain=30, ntest=30)
  AttackType: THRESHOLD_ATTACK
  AUC: 0.55
  Attacker advantage: 0.17
  Positive Predictive Value: 0.67
  Epsilon lower bound: -0.0305, -0.0508, -0.0508, -0.0553, -0.0553
)
