
Dataframe:
    slice feature slice value  train size  test size  \
0  Entire dataset                    8551       1043   
1  Entire dataset                    8551       1043   
2  Entire dataset                    8551       1043   
3  Entire dataset                    8551       1043   
4  Entire dataset                    8551       1043   

                attack type  Attacker advantage  Positive predictive value  \
0          THRESHOLD_ATTACK            0.224676                   1.000000   
1       LOGISTIC_REGRESSION            0.430165                   1.000000   
2  MULTI_LAYERED_PERCEPTRON            0.251946                   1.000000   
3             RANDOM_FOREST            0.251560                   0.982456   
4       K_NEAREST_NEIGHBORS            0.177176                   0.920095   

        AUC  Epsilon lower bound_1  Epsilon lower bound_2  \
0  0.635208               2.270385               2.264172   
1  0.713534               1.914477               1.913780   
2  0.612134               2.247699               2.243661   
3  0.660059               2.508093               2.473574   
4  0.611039               1.628248               1.015355   

   Epsilon lower bound_3  Epsilon lower bound_4  Epsilon lower bound_5  
0               2.262395               2.261974               2.260845  
1               1.913076               1.912364               1.908491  
2               2.240542               2.238699               2.236837  
3               2.456802               2.451466               2.447909  
4               0.617906               0.323636               0.244935  

Max AUC Attacker Result:
SingleAttackResult(
  SliceSpec: Entire dataset
  DataSize: (ntrain=8551, ntest=1043)
  AttackType: LOGISTIC_REGRESSION
  AUC: 0.71
  Attacker advantage: 0.43
  Positive Predictive Value: 1.00
  Epsilon lower bound: 1.9145, 1.9138, 1.9131, 1.9124, 1.9085
)
