
Dataframe:
  slice feature                                        slice value  \
0        custom  (array([0, 0, 0, ..., 0, 0, 0]), array([0, 0, ...   
1        custom  (array([0, 0, 0, ..., 0, 0, 0]), array([0, 0, ...   
2        custom  (array([0, 0, 0, ..., 0, 0, 0]), array([0, 0, ...   
3        custom  (array([0, 0, 0, ..., 0, 0, 0]), array([0, 0, ...   
4        custom  (array([0, 0, 0, ..., 0, 0, 0]), array([0, 0, ...   
5        custom  (array([0, 0, 0, ..., 0, 0, 0]), array([0, 0, ...   
6        custom  (array([0, 0, 0, ..., 0, 0, 0]), array([0, 0, ...   
7        custom  (array([0, 0, 0, ..., 0, 0, 0]), array([0, 0, ...   
8        custom  (array([0, 0, 0, ..., 0, 0, 0]), array([0, 0, ...   
9        custom  (array([0, 0, 0, ..., 0, 0, 0]), array([0, 0, ...   

   train size  test size               attack type  Attacker advantage  \
0       24970      24970          THRESHOLD_ATTACK            0.007769   
1       24970      24970       LOGISTIC_REGRESSION            0.009051   
2       24970      24970  MULTI_LAYERED_PERCEPTRON            0.004926   
3       24970      24970             RANDOM_FOREST            0.006167   
4       24970      24970       K_NEAREST_NEIGHBORS            0.005527   
5          30         30          THRESHOLD_ATTACK            0.166667   
6          30         30       LOGISTIC_REGRESSION            0.200000   
7          30         30  MULTI_LAYERED_PERCEPTRON            0.233333   
8          30         30             RANDOM_FOREST            0.133333   
9          30         30       K_NEAREST_NEIGHBORS            0.366667   

   Positive predictive value       AUC  Epsilon lower bound_1  \
0                   0.658537  0.502847               0.577002   
1                   0.530333  0.501757               0.101337   
2                   0.502033  0.498862               0.266569   
3                   0.657895  0.499224               0.277269   
4                   0.500000  0.496416               0.004951   
5                   1.000000  0.531111              -0.036292   
6                   0.666667  0.542222              -0.019949   
7                   1.000000  0.606667               0.151658   
8                   0.547619  0.496667               0.099934   
9                   0.689655  0.640556               0.317176   

   Epsilon lower bound_2  Epsilon lower bound_3  Epsilon lower bound_4  \
0               0.532774               0.467374               0.460039   
1               0.040785               0.039881               0.028373   
2               0.144963               0.141608               0.137103   
3               0.266569               0.229866               0.204986   
4               0.000719              -0.000066              -0.000066   
5              -0.042017              -0.050755              -0.050755   
6              -0.023996              -0.025411              -0.045981   
7               0.113847               0.055382               0.049366   
8               0.005399              -0.019393              -0.042017   
9               0.294849              -0.055295              -0.055295   

   Epsilon lower bound_5  
0               0.436784  
1               0.028271  
2               0.134918  
3               0.198625  
4              -0.004291  
5              -0.055295  
6              -0.050755  
7               0.047603  
8              -0.042017  
9              -0.062108  

Max AUC Attacker Result:
SingleAttackResult(
  SliceSpec: Custom indices: slice_name = modified_indices
  DataSize: (ntrain=30, ntest=30)
  AttackType: K_NEAREST_NEIGHBORS
  AUC: 0.64
  Attacker advantage: 0.37
  Positive Predictive Value: 0.69
  Epsilon lower bound: 0.3172, 0.2948, -0.0553, -0.0553, -0.0621
)
