
Dataframe:
     slice feature                                        slice value  \
0   Entire dataset                                                      
1   Entire dataset                                                      
2   Entire dataset                                                      
3   Entire dataset                                                      
4   Entire dataset                                                      
5           custom  (array([0, 0, 0, ..., 0, 0, 0]), array([0, 0, ...   
6           custom  (array([0, 0, 0, ..., 0, 0, 0]), array([0, 0, ...   
7           custom  (array([0, 0, 0, ..., 0, 0, 0]), array([0, 0, ...   
8           custom  (array([0, 0, 0, ..., 0, 0, 0]), array([0, 0, ...   
9           custom  (array([0, 0, 0, ..., 0, 0, 0]), array([0, 0, ...   
10          custom  (array([0, 0, 0, ..., 0, 0, 0]), array([0, 0, ...   
11          custom  (array([0, 0, 0, ..., 0, 0, 0]), array([0, 0, ...   
12          custom  (array([0, 0, 0, ..., 0, 0, 0]), array([0, 0, ...   
13          custom  (array([0, 0, 0, ..., 0, 0, 0]), array([0, 0, ...   
14          custom  (array([0, 0, 0, ..., 0, 0, 0]), array([0, 0, ...   

    train size  test size               attack type  Attacker advantage  \
0        25000      25000          THRESHOLD_ATTACK            0.011800   
1        25000      25000       LOGISTIC_REGRESSION            0.009520   
2        25000      25000  MULTI_LAYERED_PERCEPTRON            0.006800   
3        25000      25000             RANDOM_FOREST            0.010720   
4        25000      25000       K_NEAREST_NEIGHBORS            0.002040   
5        24970      24970          THRESHOLD_ATTACK            0.011854   
6        24970      24970       LOGISTIC_REGRESSION            0.014097   
7        24970      24970  MULTI_LAYERED_PERCEPTRON            0.004205   
8        24970      24970             RANDOM_FOREST            0.005086   
9        24970      24970       K_NEAREST_NEIGHBORS            0.004325   
10          30         30          THRESHOLD_ATTACK            0.133333   
11          30         30       LOGISTIC_REGRESSION            0.066667   
12          30         30  MULTI_LAYERED_PERCEPTRON            0.133333   
13          30         30             RANDOM_FOREST            0.233333   
14          30         30       K_NEAREST_NEIGHBORS            0.100000   

    Positive predictive value       AUC  Epsilon lower bound_1  \
0                    0.553191  0.505384               0.451488   
1                    0.607477  0.505068               0.114409   
2                    0.659091  0.503041               0.266569   
3                    0.576923  0.504155               0.766894   
4                    0.502421  0.499288              -0.000066   
5                    0.553191  0.505378               0.451488   
6                    0.600000  0.507128               0.130596   
7                    0.512088  0.500260               0.005303   
8                    0.571429  0.501726               0.023550   
9                    0.532119  0.502160               0.027734   
10                   1.000000  0.506667              -0.019393   
11                   1.000000  0.501111              -0.050755   
12                   1.000000  0.514444               0.099934   
13                   1.000000  0.415556               0.055633   
14                   0.666667  0.453333              -0.055295   

    Epsilon lower bound_2  Epsilon lower bound_3  Epsilon lower bound_4  \
0                0.266569               0.129712               0.092200   
1                0.111509               0.102847               0.098619   
2                0.147509               0.128047               0.124644   
3                0.587180               0.451488               0.368801   
4               -0.000066              -0.003268              -0.004216   
5                0.266569               0.129712               0.092200   
6                0.102740               0.072328               0.049710   
7                0.004246               0.004007               0.003840   
8                0.022953               0.022915               0.022839   
9                0.000590              -0.000066              -0.000066   
10              -0.036292              -0.036292              -0.042017   
11              -0.050755              -0.055295              -0.055295   
12               0.005399              -0.019393              -0.036292   
13               0.038434              -0.008994              -0.013655   
14              -0.055295              -0.062108              -0.109518   

    Epsilon lower bound_5  
0                0.090965  
1                0.097792  
2                0.123913  
3                0.131504  
4               -0.007060  
5                0.090965  
6                0.048505  
7                0.003676  
8                0.022802  
9               -0.000663  
10              -0.050755  
11              -0.062108  
12              -0.041294  
13              -0.014993  
14              -0.133402  

Max AUC Attacker Result:
SingleAttackResult(
  SliceSpec: Custom indices: slice_name = modified_indices
  DataSize: (ntrain=30, ntest=30)
  AttackType: MULTI_LAYERED_PERCEPTRON
  AUC: 0.51
  Attacker advantage: 0.13
  Positive Predictive Value: 1.00
  Epsilon lower bound: 0.0999, 0.0054, -0.0194, -0.0363, -0.0413
)
