
Dataframe:
    slice feature slice value  train size  test size  \
0  Entire dataset                   25000      25000   
1  Entire dataset                   25000      25000   
2  Entire dataset                   25000      25000   
3  Entire dataset                   25000      25000   
4  Entire dataset                   25000      25000   

                attack type  Attacker advantage  Positive predictive value  \
0          THRESHOLD_ATTACK             0.01092                   0.608696   
1       LOGISTIC_REGRESSION             0.00996                   0.666667   
2  MULTI_LAYERED_PERCEPTRON             0.01240                   0.611111   
3             RANDOM_FOREST             0.01408                   0.591304   
4       K_NEAREST_NEIGHBORS             0.00796                   0.509578   

        AUC  Epsilon lower bound_1  Epsilon lower bound_2  \
0  0.503877               0.296883               0.266569   
1  0.503947               0.312706               0.295695   
2  0.502150               0.467374               0.451488   
3  0.507533               0.204986               0.122792   
4  0.504814               0.001209               0.001206   

   Epsilon lower bound_3  Epsilon lower bound_4  Epsilon lower bound_5  
0               0.204388               0.130595               0.108106  
1               0.292629               0.284735               0.280442  
2               0.368801               0.344548               0.266569  
3               0.120356               0.116085               0.114135  
4              -0.000002              -0.000015              -0.000066  

Max AUC Attacker Result:
SingleAttackResult(
  SliceSpec: Entire dataset
  DataSize: (ntrain=25000, ntest=25000)
  AttackType: RANDOM_FOREST
  AUC: 0.51
  Attacker advantage: 0.01
  Positive Predictive Value: 0.59
  Epsilon lower bound: 0.2050, 0.1228, 0.1204, 0.1161, 0.1141
)


Dataframe:
  slice feature                                        slice value  \
0        custom  (array([0, 0, 0, ..., 0, 0, 0]), array([0, 0, ...   
1        custom  (array([0, 0, 0, ..., 0, 0, 0]), array([0, 0, ...   
2        custom  (array([0, 0, 0, ..., 0, 0, 0]), array([0, 0, ...   
3        custom  (array([0, 0, 0, ..., 0, 0, 0]), array([0, 0, ...   
4        custom  (array([0, 0, 0, ..., 0, 0, 0]), array([0, 0, ...   
5        custom  (array([0, 0, 0, ..., 0, 0, 0]), array([0, 0, ...   
6        custom  (array([0, 0, 0, ..., 0, 0, 0]), array([0, 0, ...   
7        custom  (array([0, 0, 0, ..., 0, 0, 0]), array([0, 0, ...   
8        custom  (array([0, 0, 0, ..., 0, 0, 0]), array([0, 0, ...   
9        custom  (array([0, 0, 0, ..., 0, 0, 0]), array([0, 0, ...   

   train size  test size               attack type  Attacker advantage  \
0       24970      24970          THRESHOLD_ATTACK            0.009291   
1       24970      24970       LOGISTIC_REGRESSION            0.007489   
2       24970      24970  MULTI_LAYERED_PERCEPTRON            0.005687   
3       24970      24970             RANDOM_FOREST            0.014537   
4       24970      24970       K_NEAREST_NEIGHBORS            0.005406   
5          30         30          THRESHOLD_ATTACK            0.166667   
6          30         30       LOGISTIC_REGRESSION            0.133333   
7          30         30  MULTI_LAYERED_PERCEPTRON            0.133333   
8          30         30             RANDOM_FOREST            0.133333   
9          30         30       K_NEAREST_NEIGHBORS            0.100000   

   Positive predictive value       AUC  Epsilon lower bound_1  \
0                   0.540541  0.503625               0.216138   
1                   0.590164  0.498620               0.436784   
2                   0.540984  0.498867               0.090965   
3                   0.550201  0.507026               0.017332   
4                   0.512734  0.502216              -0.000066   
5                   1.000000  0.428889              -0.013555   
6                   0.600000  0.505556              -0.017535   
7                   1.000000  0.521111              -0.050755   
8                   0.571429  0.476667              -0.050755   
9                   0.513514  0.464444              -0.055295   

   Epsilon lower bound_2  Epsilon lower bound_3  Epsilon lower bound_4  \
0               0.204388               0.204388               0.197285   
1               0.368395               0.308705               0.297953   
2               0.048830               0.043532               0.041024   
3               0.017248               0.017147               0.017144   
4              -0.000066              -0.000334              -0.001006   
5              -0.030504              -0.041294              -0.050755   
6              -0.017535              -0.019393              -0.036292   
7              -0.050755              -0.055295              -0.055295   
8              -0.055295              -0.055295              -0.062108   
9              -0.055295              -0.078876              -0.078876   

   Epsilon lower bound_5  
0               0.130596  
1               0.295096  
2               0.019834  
3               0.017120  
4              -0.001007  
5              -0.050755  
6              -0.036292  
7              -0.062108  
8              -0.078876  
9              -0.095438  

Max AUC Attacker Result:
SingleAttackResult(
  SliceSpec: Custom indices: slice_name = modified_indices
  DataSize: (ntrain=30, ntest=30)
  AttackType: MULTI_LAYERED_PERCEPTRON
  AUC: 0.52
  Attacker advantage: 0.13
  Positive Predictive Value: 1.00
  Epsilon lower bound: -0.0508, -0.0508, -0.0553, -0.0553, -0.0621
)
