
Dataframe:
  slice feature                                        slice value  \
0        custom  (array([0, 0, 0, ..., 0, 0, 0]), array([0, 0, ...   
1        custom  (array([0, 0, 0, ..., 0, 0, 0]), array([0, 0, ...   
2        custom  (array([0, 0, 0, ..., 0, 0, 0]), array([0, 0, ...   
3        custom  (array([0, 0, 0, ..., 0, 0, 0]), array([0, 0, ...   
4        custom  (array([0, 0, 0, ..., 0, 0, 0]), array([0, 0, ...   
5        custom  (array([0, 0, 0, ..., 0, 0, 0]), array([0, 0, ...   
6        custom  (array([0, 0, 0, ..., 0, 0, 0]), array([0, 0, ...   
7        custom  (array([0, 0, 0, ..., 0, 0, 0]), array([0, 0, ...   
8        custom  (array([0, 0, 0, ..., 0, 0, 0]), array([0, 0, ...   
9        custom  (array([0, 0, 0, ..., 0, 0, 0]), array([0, 0, ...   

   train size  test size               attack type  Attacker advantage  \
0       24970      24970          THRESHOLD_ATTACK            0.008370   
1       24970      24970       LOGISTIC_REGRESSION            0.007489   
2       24970      24970  MULTI_LAYERED_PERCEPTRON            0.006328   
3       24970      24970             RANDOM_FOREST            0.007449   
4       24970      24970       K_NEAREST_NEIGHBORS            0.005847   
5          30         30          THRESHOLD_ATTACK            0.166667   
6          30         30       LOGISTIC_REGRESSION            0.200000   
7          30         30  MULTI_LAYERED_PERCEPTRON            0.133333   
8          30         30             RANDOM_FOREST            0.133333   
9          30         30       K_NEAREST_NEIGHBORS            0.166667   

   Positive predictive value       AUC  Epsilon lower bound_1  \
0                   0.547619  0.504007               0.011788   
1                   0.502746  0.496969               0.161377   
2                   0.547325  0.499522               0.368801   
3                   0.514993  0.498268               0.211679   
4                   0.523148  0.497213              -0.000066   
5                   0.642857  0.541111              -0.036292   
6                   0.666667  0.456667              -0.001143   
7                   0.550000  0.497778               0.137408   
8                   1.000000  0.488889              -0.042017   
9                   0.510204  0.429444              -0.055295   

   Epsilon lower bound_2  Epsilon lower bound_3  Epsilon lower bound_4  \
0               0.011739               0.011731               0.011497   
1               0.158252               0.157808               0.156885   
2               0.204986               0.174245               0.167040   
3               0.197569               0.181731               0.175749   
4              -0.000066              -0.000567              -0.000832   
5              -0.050755              -0.050755              -0.055295   
6              -0.002039              -0.008994              -0.013655   
7               0.099934               0.005399               0.004182   
8              -0.050755              -0.050755              -0.055295   
9              -0.055295              -0.055917              -0.073781   

   Epsilon lower bound_5  
0               0.011489  
1               0.155970  
2               0.163945  
3               0.167059  
4              -0.001801  
5              -0.055295  
6              -0.045981  
7              -0.017535  
8              -0.055295  
9              -0.089319  

Max AUC Attacker Result:
SingleAttackResult(
  SliceSpec: Custom indices: slice_name = modified_indices
  DataSize: (ntrain=30, ntest=30)
  AttackType: THRESHOLD_ATTACK
  AUC: 0.54
  Attacker advantage: 0.17
  Positive Predictive Value: 0.64
  Epsilon lower bound: -0.0363, -0.0508, -0.0508, -0.0553, -0.0553
)
