
Dataframe:
    slice feature slice value  train size  test size  \
0  Entire dataset                   25000      25000   
1  Entire dataset                   25000      25000   
2  Entire dataset                   25000      25000   
3  Entire dataset                   25000      25000   
4  Entire dataset                   25000      25000   

                attack type  Attacker advantage  Positive predictive value  \
0          THRESHOLD_ATTACK             0.00988                   0.546875   
1       LOGISTIC_REGRESSION             0.01064                   0.512953   
2  MULTI_LAYERED_PERCEPTRON             0.00756                   0.519841   
3             RANDOM_FOREST             0.00664                   0.681818   
4       K_NEAREST_NEIGHBORS             0.00608                   0.506368   

        AUC  Epsilon lower bound_1  Epsilon lower bound_2  \
0  0.504755               0.043531               0.014542   
1  0.504558               0.296883               0.216138   
2  0.502503               0.266569               0.085090   
3  0.499882               0.331981               0.325887   
4  0.497272               0.000063               0.000009   

   Epsilon lower bound_3  Epsilon lower bound_4  Epsilon lower bound_5  
0               0.014530               0.014507               0.014206  
1               0.204388               0.197285               0.130595  
2               0.081389               0.079779               0.078477  
3               0.320405               0.314000               0.309407  
4              -0.000066              -0.000066              -0.001929  

Max AUC Attacker Result:
SingleAttackResult(
  SliceSpec: Entire dataset
  DataSize: (ntrain=25000, ntest=25000)
  AttackType: THRESHOLD_ATTACK
  AUC: 0.50
  Attacker advantage: 0.01
  Positive Predictive Value: 0.55
  Epsilon lower bound: 0.0435, 0.0145, 0.0145, 0.0145, 0.0142
)



Dataframe:
  slice feature                                        slice value  \
0        custom  (array([0, 0, 0, ..., 0, 0, 0]), array([0, 0, ...   
1        custom  (array([0, 0, 0, ..., 0, 0, 0]), array([0, 0, ...   
2        custom  (array([0, 0, 0, ..., 0, 0, 0]), array([0, 0, ...   
3        custom  (array([0, 0, 0, ..., 0, 0, 0]), array([0, 0, ...   
4        custom  (array([0, 0, 0, ..., 0, 0, 0]), array([0, 0, ...   
5        custom  (array([0, 0, 0, ..., 0, 0, 0]), array([0, 0, ...   
6        custom  (array([0, 0, 0, ..., 0, 0, 0]), array([0, 0, ...   
7        custom  (array([0, 0, 0, ..., 0, 0, 0]), array([0, 0, ...   
8        custom  (array([0, 0, 0, ..., 0, 0, 0]), array([0, 0, ...   
9        custom  (array([0, 0, 0, ..., 0, 0, 0]), array([0, 0, ...   

   train size  test size               attack type  Attacker advantage  \
0       24970      24970          THRESHOLD_ATTACK            0.009171   
1       24970      24970       LOGISTIC_REGRESSION            0.008130   
2       24970      24970  MULTI_LAYERED_PERCEPTRON            0.008450   
3       24970      24970             RANDOM_FOREST            0.004565   
4       24970      24970       K_NEAREST_NEIGHBORS            0.005366   
5          30         30          THRESHOLD_ATTACK            0.200000   
6          30         30       LOGISTIC_REGRESSION            0.166667   
7          30         30  MULTI_LAYERED_PERCEPTRON            0.166667   
8          30         30             RANDOM_FOREST            0.166667   
9          30         30       K_NEAREST_NEIGHBORS            0.033333   

   Positive predictive value       AUC  Epsilon lower bound_1  \
0                   0.574074  0.505120               0.308705   
1                   0.506562  0.500339               0.457577   
2                   0.578947  0.503571               0.381714   
3                   0.522222  0.499949               1.236468   
4                   0.500677  0.498613              -0.000066   
5                   0.666667  0.435556              -0.001143   
6                   0.583333  0.526667              -0.011785   
7                   1.000000  0.522222              -0.013555   
8                   0.666667  0.542778              -0.055295   
9                   0.526316  0.516667              -0.055295   

   Epsilon lower bound_2  Epsilon lower bound_3  Epsilon lower bound_4  \
0               0.204388               0.197285               0.130596   
1               0.410485               0.368395               0.365936   
2               0.296883               0.216138               0.204388   
3               1.169187               0.196778               0.043532   
4              -0.000066              -0.002931              -0.003973   
5              -0.002039              -0.019393              -0.042017   
6              -0.019393              -0.035448              -0.042017   
7              -0.017535              -0.019393              -0.036292   
8              -0.055295              -0.062108              -0.065189   
9              -0.055295              -0.138856              -0.218687   

   Epsilon lower bound_5  
0               0.102740  
1               0.363086  
2               0.102740  
3               0.003157  
4              -0.004003  
5              -0.045981  
6              -0.046072  
7              -0.041294  
8              -0.067260  
9              -0.240080  

Max AUC Attacker Result:
SingleAttackResult(
  SliceSpec: Custom indices: slice_name = modified_indices
  DataSize: (ntrain=30, ntest=30)
  AttackType: RANDOM_FOREST
  AUC: 0.54
  Attacker advantage: 0.17
  Positive Predictive Value: 0.67
  Epsilon lower bound: -0.0553, -0.0553, -0.0621, -0.0652, -0.0673
)
