
Dataframe:
     slice feature                                        slice value  \
0   Entire dataset                                                      
1   Entire dataset                                                      
2   Entire dataset                                                      
3   Entire dataset                                                      
4   Entire dataset                                                      
5           custom  (array([0, 0, 0, ..., 0, 0, 0]), array([0, 0, ...   
6           custom  (array([0, 0, 0, ..., 0, 0, 0]), array([0, 0, ...   
7           custom  (array([0, 0, 0, ..., 0, 0, 0]), array([0, 0, ...   
8           custom  (array([0, 0, 0, ..., 0, 0, 0]), array([0, 0, ...   
9           custom  (array([0, 0, 0, ..., 0, 0, 0]), array([0, 0, ...   
10          custom  (array([0, 0, 0, ..., 0, 0, 0]), array([0, 0, ...   
11          custom  (array([0, 0, 0, ..., 0, 0, 0]), array([0, 0, ...   
12          custom  (array([0, 0, 0, ..., 0, 0, 0]), array([0, 0, ...   
13          custom  (array([0, 0, 0, ..., 0, 0, 0]), array([0, 0, ...   
14          custom  (array([0, 0, 0, ..., 0, 0, 0]), array([0, 0, ...   

    train size  test size               attack type  Attacker advantage  \
0        52371       5463          THRESHOLD_ATTACK            0.174403   
1        52371       5463       LOGISTIC_REGRESSION            0.136868   
2        52371       5463  MULTI_LAYERED_PERCEPTRON            0.179936   
3        52371       5463             RANDOM_FOREST            0.157559   
4        52371       5463       K_NEAREST_NEIGHBORS            0.217483   
5        52341       5433          THRESHOLD_ATTACK            0.170871   
6        52341       5433       LOGISTIC_REGRESSION            0.168542   
7        52341       5433  MULTI_LAYERED_PERCEPTRON            0.269101   
8        52341       5433             RANDOM_FOREST            0.182960   
9        52341       5433       K_NEAREST_NEIGHBORS            0.101410   
10          30         30          THRESHOLD_ATTACK            0.600000   
11          30         30       LOGISTIC_REGRESSION            0.566667   
12          30         30  MULTI_LAYERED_PERCEPTRON            0.533333   
13          30         30             RANDOM_FOREST            0.466667   
14          30         30       K_NEAREST_NEIGHBORS            0.533333   

    Positive predictive value       AUC  Epsilon lower bound_1  \
0                    0.986667  0.602601               2.868571   
1                    0.986301  0.601141               3.966754   
2                    1.000000  0.568092               2.258679   
3                    0.974359  0.604780               2.409375   
4                    0.933961  0.564901               1.922210   
5                    0.986667  0.600660               2.431626   
6                    0.967391  0.593622               2.303934   
7                    0.982759  0.677961               3.721342   
8                    0.973154  0.582229               3.539543   
9                    0.925207  0.563435               0.985087   
10                   1.000000  0.833333               1.506837   
11                   1.000000  0.821111               1.215217   
12                   1.000000  0.742222               1.206218   
13                   1.000000  0.700000               0.773616   
14                   1.000000  0.774444               0.897554   

    Epsilon lower bound_2  Epsilon lower bound_3  Epsilon lower bound_4  \
0                2.727938               2.712018               2.605112   
1                3.932245               3.896506               3.859447   
2                2.258138               2.254833               2.254576   
3                2.402611               2.401681               2.398727   
4                1.014628               1.001093               0.705748   
5                2.425852               2.424197               2.423361   
6                2.303336               2.301366               2.300859   
7                3.634548               3.577022               3.539543   
8                3.434621               3.332521               3.317483   
9                0.438255               0.159656               0.149229   
10               1.501559               1.441471               1.414790   
11               1.126895               1.077046               1.077004   
12               1.143697               1.126895               1.077046   
13               0.709435               0.640945               0.621331   
14               0.719551               0.611924               0.389771   

    Epsilon lower bound_5  
0                2.527099  
1                3.820967  
2                2.254322  
3                2.398044  
4                0.342768  
5                2.420045  
6                2.299153  
7                3.501930  
8                3.235790  
9                0.137660  
10               1.371557  
11               1.030094  
12               1.030094  
13               0.567533  
14               0.137408  

Max AUC Attacker Result:
SingleAttackResult(
  SliceSpec: Custom indices: slice_name = modified_indices
  DataSize: (ntrain=30, ntest=30)
  AttackType: THRESHOLD_ATTACK
  AUC: 0.83
  Attacker advantage: 0.60
  Positive Predictive Value: 1.00
  Epsilon lower bound: 1.5068, 1.5016, 1.4415, 1.4148, 1.3716
)
