
Dataframe:
    slice feature slice value  train size  test size  \
0  Entire dataset                    8551       1043   
1  Entire dataset                    8551       1043   
2  Entire dataset                    8551       1043   
3  Entire dataset                    8551       1043   
4  Entire dataset                    8551       1043   

                attack type  Attacker advantage  Positive predictive value  \
0          THRESHOLD_ATTACK            0.050509                   0.933333   
1       LOGISTIC_REGRESSION            0.221586                   0.912025   
2  MULTI_LAYERED_PERCEPTRON            0.184518                   0.914481   
3             RANDOM_FOREST            0.045026                   1.000000   
4       K_NEAREST_NEIGHBORS            0.023571                   0.891286   

        AUC  Epsilon lower bound_1  Epsilon lower bound_2  \
0  0.535106               0.567410               0.559105   
1  0.501123               2.244833               2.228211   
2  0.570533               1.917500               1.882449   
3  0.500853               0.457642               0.441583   
4  0.483091               0.027595               0.001399   

   Epsilon lower bound_3  Epsilon lower bound_4  Epsilon lower bound_5  
0               0.558969               0.550907               0.550599  
1               2.222930               2.217878               2.211312  
2               1.882136               1.865232               1.848618  
3               0.425779               0.421807               0.415099  
4              -0.000702              -0.001545              -0.001863  

Max AUC Attacker Result:
SingleAttackResult(
  SliceSpec: Entire dataset
  DataSize: (ntrain=8551, ntest=1043)
  AttackType: MULTI_LAYERED_PERCEPTRON
  AUC: 0.57
  Attacker advantage: 0.18
  Positive Predictive Value: 0.91
  Epsilon lower bound: 1.9175, 1.8824, 1.8821, 1.8652, 1.8486
)
