
Dataframe:
     slice feature                                        slice value  \
0   Entire dataset                                                      
1   Entire dataset                                                      
2   Entire dataset                                                      
3   Entire dataset                                                      
4   Entire dataset                                                      
5           custom  (array([0, 0, 0, ..., 0, 0, 0]), array([0, 0, ...   
6           custom  (array([0, 0, 0, ..., 0, 0, 0]), array([0, 0, ...   
7           custom  (array([0, 0, 0, ..., 0, 0, 0]), array([0, 0, ...   
8           custom  (array([0, 0, 0, ..., 0, 0, 0]), array([0, 0, ...   
9           custom  (array([0, 0, 0, ..., 0, 0, 0]), array([0, 0, ...   
10          custom  (array([0, 0, 0, ..., 0, 0, 0]), array([0, 0, ...   
11          custom  (array([0, 0, 0, ..., 0, 0, 0]), array([0, 0, ...   
12          custom  (array([0, 0, 0, ..., 0, 0, 0]), array([0, 0, ...   
13          custom  (array([0, 0, 0, ..., 0, 0, 0]), array([0, 0, ...   
14          custom  (array([0, 0, 0, ..., 0, 0, 0]), array([0, 0, ...   

    train size  test size               attack type  Attacker advantage  \
0        25000      25000          THRESHOLD_ATTACK            0.017400   
1        25000      25000       LOGISTIC_REGRESSION            0.021360   
2        25000      25000  MULTI_LAYERED_PERCEPTRON            0.015240   
3        25000      25000             RANDOM_FOREST            0.015480   
4        25000      25000       K_NEAREST_NEIGHBORS            0.003040   
5        24970      24970          THRESHOLD_ATTACK            0.017461   
6        24970      24970       LOGISTIC_REGRESSION            0.013536   
7        24970      24970  MULTI_LAYERED_PERCEPTRON            0.017901   
8        24970      24970             RANDOM_FOREST            0.023348   
9        24970      24970       K_NEAREST_NEIGHBORS            0.006808   
10          30         30          THRESHOLD_ATTACK            0.200000   
11          30         30       LOGISTIC_REGRESSION            0.166667   
12          30         30  MULTI_LAYERED_PERCEPTRON            0.200000   
13          30         30             RANDOM_FOREST            0.233333   
14          30         30       K_NEAREST_NEIGHBORS            0.100000   

    Positive predictive value       AUC  Epsilon lower bound_1  \
0                    0.666667  0.501852               0.584635   
1                    0.508112  0.510011               0.500872   
2                    0.523529  0.506961               0.180830   
3                    0.517647  0.505971               0.028650   
4                    0.519512  0.499740              -0.000066   
5                    0.666667  0.501962               0.584635   
6                    0.527132  0.506599               0.587180   
7                    0.583333  0.508318               0.113923   
8                    0.571429  0.510335               0.092393   
9                    0.503407  0.503626               0.005410   
10                   1.000000  0.423333              -0.008994   
11                   0.571429  0.526667              -0.017535   
12                   0.500000  0.383333               0.325710   
13                   1.000000  0.568333               0.113847   
14                   0.500000  0.453889              -0.050755   

    Epsilon lower bound_2  Epsilon lower bound_3  Epsilon lower bound_4  \
0                0.500872               0.500685               0.460039   
1                0.500685               0.436784               0.436784   
2                0.173534               0.171190               0.166185   
3                0.028602               0.028596               0.028504   
4               -0.000066              -0.000692              -0.000818   
5                0.500872               0.500686               0.460039   
6                0.451488               0.368801               0.266569   
7                0.113423               0.111295               0.110801   
8                0.088179               0.087176               0.086782   
9                0.000365              -0.000066              -0.000066   
10              -0.013655              -0.014993              -0.021314   
11              -0.019393              -0.036292              -0.042017   
12               0.282476               0.137408               0.120279   
13               0.092557               0.087325               0.049366   
14              -0.055295              -0.055295              -0.062108   

    Epsilon lower bound_5  
0                0.436784  
1                0.423073  
2                0.161643  
3                0.028498  
4               -0.000914  
5                0.436784  
6                0.266569  
7                0.110311  
8                0.086187  
9               -0.000376  
10              -0.023723  
11              -0.042017  
12               0.099934  
13               0.047603  
14              -0.067260  

Max AUC Attacker Result:
SingleAttackResult(
  SliceSpec: Custom indices: slice_name = modified_indices
  DataSize: (ntrain=30, ntest=30)
  AttackType: RANDOM_FOREST
  AUC: 0.57
  Attacker advantage: 0.23
  Positive Predictive Value: 1.00
  Epsilon lower bound: 0.1138, 0.0926, 0.0873, 0.0494, 0.0476
)
