
Dataframe:
     slice feature                                        slice value  \
0   Entire dataset                                                      
1   Entire dataset                                                      
2   Entire dataset                                                      
3   Entire dataset                                                      
4   Entire dataset                                                      
5           custom  (array([0, 0, 0, ..., 0, 0, 0]), array([0, 0, ...   
6           custom  (array([0, 0, 0, ..., 0, 0, 0]), array([0, 0, ...   
7           custom  (array([0, 0, 0, ..., 0, 0, 0]), array([0, 0, ...   
8           custom  (array([0, 0, 0, ..., 0, 0, 0]), array([0, 0, ...   
9           custom  (array([0, 0, 0, ..., 0, 0, 0]), array([0, 0, ...   
10          custom  (array([0, 0, 0, ..., 0, 0, 0]), array([0, 0, ...   
11          custom  (array([0, 0, 0, ..., 0, 0, 0]), array([0, 0, ...   
12          custom  (array([0, 0, 0, ..., 0, 0, 0]), array([0, 0, ...   
13          custom  (array([0, 0, 0, ..., 0, 0, 0]), array([0, 0, ...   
14          custom  (array([0, 0, 0, ..., 0, 0, 0]), array([0, 0, ...   

    train size  test size               attack type  Attacker advantage  \
0        25000      25000          THRESHOLD_ATTACK            0.014200   
1        25000      25000       LOGISTIC_REGRESSION            0.013920   
2        25000      25000  MULTI_LAYERED_PERCEPTRON            0.016680   
3        25000      25000             RANDOM_FOREST            0.021280   
4        25000      25000       K_NEAREST_NEIGHBORS            0.004440   
5        24970      24970          THRESHOLD_ATTACK            0.014217   
6        24970      24970       LOGISTIC_REGRESSION            0.014698   
7        24970      24970  MULTI_LAYERED_PERCEPTRON            0.010573   
8        24970      24970             RANDOM_FOREST            0.013616   
9        24970      24970       K_NEAREST_NEIGHBORS            0.008490   
10          30         30          THRESHOLD_ATTACK            0.233333   
11          30         30       LOGISTIC_REGRESSION            0.166667   
12          30         30  MULTI_LAYERED_PERCEPTRON            0.200000   
13          30         30             RANDOM_FOREST            0.333333   
14          30         30       K_NEAREST_NEIGHBORS            0.166667   

    Positive predictive value       AUC  Epsilon lower bound_1  \
0                    0.682927  0.500254               0.266569   
1                    0.560000  0.505998               0.254542   
2                    0.551020  0.507207               0.608042   
3                    0.533742  0.508158               0.058802   
4                    0.508673  0.502801              -0.000066   
5                    0.682927  0.500346               0.266569   
6                    0.515464  0.503223               0.308705   
7                    0.574074  0.503902               0.040273   
8                    0.566667  0.505178               0.072328   
9                    0.504256  0.503315               0.002265   
10                   1.000000  0.432222               0.041344   
11                   0.642857  0.558889              -0.036292   
12                   1.000000  0.453333               0.099934   
13                   1.000000  0.325556               0.402774   
14                   0.727273  0.566111               0.020124   

    Epsilon lower bound_2  Epsilon lower bound_3  Epsilon lower bound_4  \
0                0.243595               0.230058               0.216138   
1                0.196778               0.159320               0.155362   
2                0.451488               0.266569               0.204986   
3                0.058785               0.058768               0.058570   
4               -0.000066              -0.000614              -0.004316   
5                0.243596               0.230058               0.216138   
6                0.266569               0.242103               0.197285   
7                0.040244               0.039877               0.039819   
8                0.038830               0.038603               0.038587   
9                0.002254              -0.000066              -0.000066   
10               0.038403              -0.014993              -0.021314   
11              -0.046072              -0.050755              -0.050755   
12               0.047603               0.014616               0.005399   
13               0.257642               0.246270               0.244608   
14               0.001441              -0.055295              -0.055295   

    Epsilon lower bound_5  
0                0.206216  
1                0.135560  
2                0.127081  
3                0.058501  
4               -0.005310  
5                0.206216  
6                0.177292  
7                0.039791  
8                0.038570  
9               -0.001791  
10              -0.023723  
11              -0.055295  
12              -0.011785  
13               0.244608  
14              -0.166688  

Max AUC Attacker Result:
SingleAttackResult(
  SliceSpec: Custom indices: slice_name = modified_indices
  DataSize: (ntrain=30, ntest=30)
  AttackType: K_NEAREST_NEIGHBORS
  AUC: 0.57
  Attacker advantage: 0.17
  Positive Predictive Value: 0.73
  Epsilon lower bound: 0.0201, 0.0014, -0.0553, -0.0553, -0.1667
)
