
Dataframe:
  slice feature                                        slice value  \
0        custom  (array([0, 0, 0, ..., 0, 0, 0]), array([0, 0, ...   
1        custom  (array([0, 0, 0, ..., 0, 0, 0]), array([0, 0, ...   
2        custom  (array([0, 0, 0, ..., 0, 0, 0]), array([0, 0, ...   
3        custom  (array([0, 0, 0, ..., 0, 0, 0]), array([0, 0, ...   
4        custom  (array([0, 0, 0, ..., 0, 0, 0]), array([0, 0, ...   
5        custom  (array([0, 0, 0, ..., 0, 0, 0]), array([0, 0, ...   
6        custom  (array([0, 0, 0, ..., 0, 0, 0]), array([0, 0, ...   
7        custom  (array([0, 0, 0, ..., 0, 0, 0]), array([0, 0, ...   
8        custom  (array([0, 0, 0, ..., 0, 0, 0]), array([0, 0, ...   
9        custom  (array([0, 0, 0, ..., 0, 0, 0]), array([0, 0, ...   

   train size  test size               attack type  Attacker advantage  \
0       24970      24970          THRESHOLD_ATTACK            0.028194   
1       24970      24970       LOGISTIC_REGRESSION            0.028194   
2       24970      24970  MULTI_LAYERED_PERCEPTRON            0.027833   
3       24970      24970             RANDOM_FOREST            0.030877   
4       24970      24970       K_NEAREST_NEIGHBORS            0.009211   
5          30         30          THRESHOLD_ATTACK            0.333333   
6          30         30       LOGISTIC_REGRESSION            0.233333   
7          30         30  MULTI_LAYERED_PERCEPTRON            0.233333   
8          30         30             RANDOM_FOREST            0.233333   
9          30         30       K_NEAREST_NEIGHBORS            0.333333   

   Positive predictive value       AUC  Epsilon lower bound_1  \
0                   0.589041  0.507259               0.411026   
1                   0.562500  0.512407               0.389941   
2                   0.620253  0.515086               0.561555   
3                   0.547945  0.514543               0.268526   
4                   0.504626  0.503175               0.015253   
5                   0.777778  0.627778               0.357306   
6                   1.000000  0.592222               0.120279   
7                   0.600000  0.537778               0.422644   
8                   0.615385  0.587778               0.422644   
9                   0.517857  0.350556               0.357306   

   Epsilon lower bound_2  Epsilon lower bound_3  Epsilon lower bound_4  \
0               0.410424               0.410416               0.409562   
1               0.389491               0.389093               0.388792   
2               0.561120               0.550185               0.549997   
3               0.267815               0.267104               0.267093   
4               0.003717               0.003685               0.000505   
5               0.282311               0.244608               0.201478   
6               0.068644               0.040804               0.015949   
7               0.282476               0.163422               0.120279   
8               0.325710               0.282476               0.163422   
9               0.196797               0.163422               0.099934   

   Epsilon lower bound_5  
0               0.409543  
1               0.388693  
2               0.538849  
3               0.266902  
4              -0.000066  
5               0.196797  
6              -0.001143  
7               0.080424  
8               0.137408  
9               0.035183  

Max AUC Attacker Result:
SingleAttackResult(
  SliceSpec: Custom indices: slice_name = modified_indices
  DataSize: (ntrain=30, ntest=30)
  AttackType: THRESHOLD_ATTACK
  AUC: 0.63
  Attacker advantage: 0.33
  Positive Predictive Value: 0.78
  Epsilon lower bound: 0.3573, 0.2823, 0.2446, 0.2015, 0.1968
)
