
Dataframe:
  slice feature                                        slice value  \
0        custom  (array([0, 0, 0, ..., 0, 0, 0]), array([0, 0, ...   
1        custom  (array([0, 0, 0, ..., 0, 0, 0]), array([0, 0, ...   
2        custom  (array([0, 0, 0, ..., 0, 0, 0]), array([0, 0, ...   
3        custom  (array([0, 0, 0, ..., 0, 0, 0]), array([0, 0, ...   
4        custom  (array([0, 0, 0, ..., 0, 0, 0]), array([0, 0, ...   
5        custom  (array([0, 0, 0, ..., 0, 0, 0]), array([0, 0, ...   
6        custom  (array([0, 0, 0, ..., 0, 0, 0]), array([0, 0, ...   
7        custom  (array([0, 0, 0, ..., 0, 0, 0]), array([0, 0, ...   
8        custom  (array([0, 0, 0, ..., 0, 0, 0]), array([0, 0, ...   
9        custom  (array([0, 0, 0, ..., 0, 0, 0]), array([0, 0, ...   

   train size  test size               attack type  Attacker advantage  \
0       24970      24970          THRESHOLD_ATTACK            0.007729   
1       24970      24970       LOGISTIC_REGRESSION            0.009091   
2       24970      24970  MULTI_LAYERED_PERCEPTRON            0.011934   
3       24970      24970             RANDOM_FOREST            0.009291   
4       24970      24970       K_NEAREST_NEIGHBORS            0.010092   
5          30         30          THRESHOLD_ATTACK            0.166667   
6          30         30       LOGISTIC_REGRESSION            0.233333   
7          30         30  MULTI_LAYERED_PERCEPTRON            0.066667   
8          30         30             RANDOM_FOREST            0.166667   
9          30         30       K_NEAREST_NEIGHBORS            0.233333   

   Positive predictive value       AUC  Epsilon lower bound_1  \
0                   0.559567  0.501193               0.266569   
1                   0.506312  0.503500               0.326499   
2                   0.558824  0.505750               0.038722   
3                   0.505625  0.497033               0.618072   
4                   0.500000  0.494384               0.005469   
5                   1.000000  0.428889              -0.030504   
6                   1.000000  0.593333               0.113847   
7                   1.000000  0.503333              -0.036292   
8                   0.750000  0.576667              -0.042017   
9                   0.640000  0.590000               0.055633   

   Epsilon lower bound_2  Epsilon lower bound_3  Epsilon lower bound_4  \
0               0.074435               0.069437               0.064414   
1               0.309407               0.298945               0.292022   
2               0.038660               0.038513               0.038500   
3               0.561161               0.534495               0.500872   
4               0.005458               0.002461               0.000350   
5              -0.046072              -0.050755              -0.050755   
6               0.099934               0.049366               0.018207   
7              -0.050755              -0.050755              -0.055295   
8              -0.050755              -0.055295              -0.055295   
9               0.038434              -0.019949              -0.025411   

   Epsilon lower bound_5  
0               0.064050  
1               0.288981  
2               0.038488  
3               0.480308  
4              -0.000066  
5              -0.055295  
6               0.005830  
7              -0.055295  
8              -0.060736  
9              -0.050755  

Max AUC Attacker Result:
SingleAttackResult(
  SliceSpec: Custom indices: slice_name = modified_indices
  DataSize: (ntrain=30, ntest=30)
  AttackType: LOGISTIC_REGRESSION
  AUC: 0.59
  Attacker advantage: 0.23
  Positive Predictive Value: 1.00
  Epsilon lower bound: 0.1138, 0.0999, 0.0494, 0.0182, 0.0058
)
