
Dataframe:
    slice feature slice value  train size  test size  \
0  Entire dataset                   25000      25000   
1  Entire dataset                   25000      25000   
2  Entire dataset                   25000      25000   
3  Entire dataset                   25000      25000   
4  Entire dataset                   25000      25000   

                attack type  Attacker advantage  Positive predictive value  \
0          THRESHOLD_ATTACK             0.00768                   0.619048   
1       LOGISTIC_REGRESSION             0.00500                   0.528986   
2  MULTI_LAYERED_PERCEPTRON             0.00708                   0.561798   
3             RANDOM_FOREST             0.00640                   0.604167   
4       K_NEAREST_NEIGHBORS             0.00264                   0.510152   

        AUC  Epsilon lower bound_1  Epsilon lower bound_2  \
0  0.501999               0.743701               0.608042   
1  0.500055               0.083750               0.079790   
2  0.498283               0.090965               0.050506   
3  0.497499               0.197569               0.175749   
4  0.502211              -0.000066              -0.000066   

   Epsilon lower bound_3  Epsilon lower bound_4  Epsilon lower bound_5  
0               0.577002               0.467374               0.451488  
1               0.079127               0.077588               0.076466  
2               0.045259               0.044524               0.039985  
3               0.164866               0.163029               0.157434  
4              -0.000625              -0.001332              -0.003788  

Max AUC Attacker Result:
SingleAttackResult(
  SliceSpec: Entire dataset
  DataSize: (ntrain=25000, ntest=25000)
  AttackType: K_NEAREST_NEIGHBORS
  AUC: 0.50
  Attacker advantage: 0.00
  Positive Predictive Value: 0.51
  Epsilon lower bound: -0.0001, -0.0001, -0.0006, -0.0013, -0.0038
)
