
Dataframe:
  slice feature                                        slice value  \
0        custom  (array([0, 0, 0, ..., 0, 0, 0]), array([0, 0, ...   
1        custom  (array([0, 0, 0, ..., 0, 0, 0]), array([0, 0, ...   
2        custom  (array([0, 0, 0, ..., 0, 0, 0]), array([0, 0, ...   
3        custom  (array([0, 0, 0, ..., 0, 0, 0]), array([0, 0, ...   
4        custom  (array([0, 0, 0, ..., 0, 0, 0]), array([0, 0, ...   
5        custom  (array([0, 0, 0, ..., 0, 0, 0]), array([0, 0, ...   
6        custom  (array([0, 0, 0, ..., 0, 0, 0]), array([0, 0, ...   
7        custom  (array([0, 0, 0, ..., 0, 0, 0]), array([0, 0, ...   
8        custom  (array([0, 0, 0, ..., 0, 0, 0]), array([0, 0, ...   
9        custom  (array([0, 0, 0, ..., 0, 0, 0]), array([0, 0, ...   

   train size  test size               attack type  Attacker advantage  \
0       24970      24970          THRESHOLD_ATTACK            0.008010   
1       24970      24970       LOGISTIC_REGRESSION            0.005887   
2       24970      24970  MULTI_LAYERED_PERCEPTRON            0.004966   
3       24970      24970             RANDOM_FOREST            0.011654   
4       24970      24970       K_NEAREST_NEIGHBORS            0.003444   
5          30         30          THRESHOLD_ATTACK            0.200000   
6          30         30       LOGISTIC_REGRESSION            0.133333   
7          30         30  MULTI_LAYERED_PERCEPTRON            0.333333   
8          30         30             RANDOM_FOREST            0.166667   
9          30         30       K_NEAREST_NEIGHBORS            0.066667   

   Positive predictive value       AUC  Epsilon lower bound_1  \
0                   0.536585  0.502124               0.204986   
1                   0.521739  0.498308               0.020576   
2                   0.549020  0.499517               0.368801   
3                   0.578947  0.494907               0.062336   
4                   0.502314  0.498564              -0.000066   
5                   0.666667  0.423333               0.020124   
6                   1.000000  0.528889              -0.030504   
7                   0.666667  0.352222               0.332980   
8                   0.666667  0.557778               0.325710   
9                   1.000000  0.535000              -0.050755   

   Epsilon lower bound_2  Epsilon lower bound_3  Epsilon lower bound_4  \
0               0.004558               0.004235               0.003809   
1               0.019116               0.019016               0.018913   
2               0.204986               0.090965               0.043532   
3               0.062307               0.061994               0.061987   
4              -0.000066              -0.003584              -0.004248   
5               0.001441              -0.011785              -0.019949   
6              -0.042017              -0.042017              -0.050755   
7               0.282774               0.282311               0.246270   
8               0.099934               0.032183               0.005399   
9              -0.050755              -0.055295              -0.055295   

   Epsilon lower bound_5  
0               0.003805  
1               0.018401  
2               0.041024  
3               0.061965  
4              -0.006905  
5              -0.023723  
6              -0.050755  
7               0.244608  
8              -0.013555  
9              -0.085471  

Max AUC Attacker Result:
SingleAttackResult(
  SliceSpec: Custom indices: slice_name = modified_indices
  DataSize: (ntrain=30, ntest=30)
  AttackType: RANDOM_FOREST
  AUC: 0.56
  Attacker advantage: 0.17
  Positive Predictive Value: 0.67
  Epsilon lower bound: 0.3257, 0.0999, 0.0322, 0.0054, -0.0136
)
