
Dataframe:
     slice feature                                        slice value  \
0   Entire dataset                                                      
1   Entire dataset                                                      
2   Entire dataset                                                      
3   Entire dataset                                                      
4   Entire dataset                                                      
5           custom  (array([0, 0, 0, ..., 0, 0, 0]), array([0, 0, ...   
6           custom  (array([0, 0, 0, ..., 0, 0, 0]), array([0, 0, ...   
7           custom  (array([0, 0, 0, ..., 0, 0, 0]), array([0, 0, ...   
8           custom  (array([0, 0, 0, ..., 0, 0, 0]), array([0, 0, ...   
9           custom  (array([0, 0, 0, ..., 0, 0, 0]), array([0, 0, ...   
10          custom  (array([0, 0, 0, ..., 0, 0, 0]), array([0, 0, ...   
11          custom  (array([0, 0, 0, ..., 0, 0, 0]), array([0, 0, ...   
12          custom  (array([0, 0, 0, ..., 0, 0, 0]), array([0, 0, ...   
13          custom  (array([0, 0, 0, ..., 0, 0, 0]), array([0, 0, ...   
14          custom  (array([0, 0, 0, ..., 0, 0, 0]), array([0, 0, ...   

    train size  test size               attack type  Attacker advantage  \
0        25000      25000          THRESHOLD_ATTACK            0.008200   
1        25000      25000       LOGISTIC_REGRESSION            0.012200   
2        25000      25000  MULTI_LAYERED_PERCEPTRON            0.007000   
3        25000      25000             RANDOM_FOREST            0.013480   
4        25000      25000       K_NEAREST_NEIGHBORS            0.012720   
5        24970      24970          THRESHOLD_ATTACK            0.008210   
6        24970      24970       LOGISTIC_REGRESSION            0.007689   
7        24970      24970  MULTI_LAYERED_PERCEPTRON            0.006087   
8        24970      24970             RANDOM_FOREST            0.006968   
9        24970      24970       K_NEAREST_NEIGHBORS            0.004726   
10          30         30          THRESHOLD_ATTACK            0.166667   
11          30         30       LOGISTIC_REGRESSION            0.300000   
12          30         30  MULTI_LAYERED_PERCEPTRON            0.333333   
13          30         30             RANDOM_FOREST            0.200000   
14          30         30       K_NEAREST_NEIGHBORS            0.100000   

    Positive predictive value       AUC  Epsilon lower bound_1  \
0                    0.565891  0.501642               0.077006   
1                    0.553191  0.505013               0.094398   
2                    0.729730  0.496943               0.801480   
3                    0.592105  0.508337               0.104035   
4                    0.513451  0.509040               0.026101   
5                    0.565891  0.501672               0.074235   
6                    0.523891  0.502732               0.168483   
7                    0.539326  0.502020               0.608042   
8                    0.555556  0.502389               0.177292   
9                    0.509256  0.500985              -0.000066   
10                   0.750000  0.458889               0.020124   
11                   0.509434  0.383333               1.097836   
12                   0.500000  0.341111               1.030094   
13                   0.619048  0.532778              -0.019393   
14                   0.526316  0.485000              -0.017535   

    Epsilon lower bound_2  Epsilon lower bound_3  Epsilon lower bound_4  \
0                0.074901               0.074612               0.072791   
1                0.077482               0.074321               0.068224   
2                0.734222               0.664281               0.662181   
3                0.103398               0.101543               0.101109   
4                0.019701               0.016784               0.015288   
5                0.072098               0.071812               0.069958   
6                0.165159               0.164522               0.163856   
7                0.451488               0.344548               0.266569   
8                0.108106               0.075876               0.070456   
9               -0.000066              -0.000214              -0.001460   
10               0.001441              -0.030504              -0.042017   
11               0.965341               0.812819               0.803287   
12               0.923028               0.812819               0.803287   
13              -0.023723              -0.026810              -0.055295   
14              -0.055295              -0.055295              -0.186910   

    Epsilon lower bound_5  
0                0.072224  
1                0.064241  
2                0.600654  
3                0.099907  
4                0.013508  
5                0.069394  
6                0.157366  
7                0.204986  
8                0.039881  
9               -0.001943  
10              -0.046072  
11               0.633212  
12               0.755350  
13              -0.055295  
14              -0.190090  

Max AUC Attacker Result:
SingleAttackResult(
  SliceSpec: Custom indices: slice_name = modified_indices
  DataSize: (ntrain=30, ntest=30)
  AttackType: RANDOM_FOREST
  AUC: 0.53
  Attacker advantage: 0.20
  Positive Predictive Value: 0.62
  Epsilon lower bound: -0.0194, -0.0237, -0.0268, -0.0553, -0.0553
)
