
Dataframe:
     slice feature                                        slice value  \
0   Entire dataset                                                      
1   Entire dataset                                                      
2   Entire dataset                                                      
3   Entire dataset                                                      
4   Entire dataset                                                      
5           custom  (array([0, 0, 0, ..., 0, 0, 0]), array([0, 0, ...   
6           custom  (array([0, 0, 0, ..., 0, 0, 0]), array([0, 0, ...   
7           custom  (array([0, 0, 0, ..., 0, 0, 0]), array([0, 0, ...   
8           custom  (array([0, 0, 0, ..., 0, 0, 0]), array([0, 0, ...   
9           custom  (array([0, 0, 0, ..., 0, 0, 0]), array([0, 0, ...   
10          custom  (array([0, 0, 0, ..., 0, 0, 0]), array([0, 0, ...   
11          custom  (array([0, 0, 0, ..., 0, 0, 0]), array([0, 0, ...   
12          custom  (array([0, 0, 0, ..., 0, 0, 0]), array([0, 0, ...   
13          custom  (array([0, 0, 0, ..., 0, 0, 0]), array([0, 0, ...   
14          custom  (array([0, 0, 0, ..., 0, 0, 0]), array([0, 0, ...   

    train size  test size               attack type  Attacker advantage  \
0        52371       5463          THRESHOLD_ATTACK            0.015690   
1        52371       5463       LOGISTIC_REGRESSION            0.066812   
2        52371       5463  MULTI_LAYERED_PERCEPTRON            0.119945   
3        52371       5463             RANDOM_FOREST            0.137582   
4        52371       5463       K_NEAREST_NEIGHBORS            0.022989   
5        52341       5433          THRESHOLD_ATTACK            0.015351   
6        52341       5433       LOGISTIC_REGRESSION            0.117828   
7        52341       5433  MULTI_LAYERED_PERCEPTRON            0.099231   
8        52341       5433             RANDOM_FOREST            0.084099   
9        52341       5433       K_NEAREST_NEIGHBORS            0.006343   
10          30         30          THRESHOLD_ATTACK            0.200000   
11          30         30       LOGISTIC_REGRESSION            0.233333   
12          30         30  MULTI_LAYERED_PERCEPTRON            0.166667   
13          30         30             RANDOM_FOREST            0.166667   
14          30         30       K_NEAREST_NEIGHBORS            0.100000   

    Positive predictive value       AUC  Epsilon lower bound_1  \
0                    0.938462  0.496909               0.185702   
1                    0.913380  0.523950               2.207233   
2                    0.954274  0.522466               2.437821   
3                    0.954093  0.511238               0.634795   
4                    0.933913  0.516818               0.123707   
5                    0.943005  0.497140               0.180771   
6                    0.917600  0.520193               2.129301   
7                    0.909711  0.456926               3.184930   
8                    0.947299  0.510680               0.421456   
9                    0.909435  0.504347              -0.000133   
10                   0.519231  0.432222              -0.019949   
11                   0.555556  0.437778               0.055633   
12                   0.541667  0.474444               0.414990   
13                   0.666667  0.479444               0.120279   
14                   0.666667  0.543333              -0.055295   

    Epsilon lower bound_2  Epsilon lower bound_3  Epsilon lower bound_4  \
0                0.181810               0.177904               0.173982   
1                2.197752               2.197266               2.188592   
2                2.437181               2.436545               2.435912   
3                0.634675               0.634555               0.634435   
4                0.123235               0.114602               0.056143   
5                0.176880               0.172973               0.169051   
6                2.126581               2.126343               2.126103   
7                3.032330               3.009165               2.941467   
8                0.421329               0.421201               0.421074   
9               -0.000298              -0.001803              -0.002852   
10              -0.023723              -0.023723              -0.025411   
11               0.038434              -0.008994              -0.013655   
12               0.137408               0.099934               0.028302   
13               0.020124               0.015949               0.001441   
14              -0.055295              -0.060736              -0.091391   

    Epsilon lower bound_5  
0                0.170045  
1                2.188181  
2                2.435394  
3                0.634315  
4                0.047246  
5                0.165114  
6                2.125862  
7                2.873506  
8                0.420946  
9               -0.011448  
10              -0.026810  
11              -0.014993  
12               0.005399  
13              -0.013555  
14              -0.138856  

Max AUC Attacker Result:
SingleAttackResult(
  SliceSpec: Custom indices: slice_name = modified_indices
  DataSize: (ntrain=30, ntest=30)
  AttackType: K_NEAREST_NEIGHBORS
  AUC: 0.54
  Attacker advantage: 0.10
  Positive Predictive Value: 0.67
  Epsilon lower bound: -0.0553, -0.0553, -0.0607, -0.0914, -0.1389
)
