
Dataframe:
     slice feature                                        slice value  \
0   Entire dataset                                                      
1   Entire dataset                                                      
2   Entire dataset                                                      
3   Entire dataset                                                      
4   Entire dataset                                                      
5           custom  (array([0, 0, 0, ..., 0, 0, 0]), array([0, 0, ...   
6           custom  (array([0, 0, 0, ..., 0, 0, 0]), array([0, 0, ...   
7           custom  (array([0, 0, 0, ..., 0, 0, 0]), array([0, 0, ...   
8           custom  (array([0, 0, 0, ..., 0, 0, 0]), array([0, 0, ...   
9           custom  (array([0, 0, 0, ..., 0, 0, 0]), array([0, 0, ...   
10          custom  (array([0, 0, 0, ..., 0, 0, 0]), array([0, 0, ...   
11          custom  (array([0, 0, 0, ..., 0, 0, 0]), array([0, 0, ...   
12          custom  (array([0, 0, 0, ..., 0, 0, 0]), array([0, 0, ...   
13          custom  (array([0, 0, 0, ..., 0, 0, 0]), array([0, 0, ...   
14          custom  (array([0, 0, 0, ..., 0, 0, 0]), array([0, 0, ...   

    train size  test size               attack type  Attacker advantage  \
0        52371       5463          THRESHOLD_ATTACK            0.015300   
1        52371       5463       LOGISTIC_REGRESSION            0.081466   
2        52371       5463  MULTI_LAYERED_PERCEPTRON            0.176487   
3        52371       5463             RANDOM_FOREST            0.179201   
4        52371       5463       K_NEAREST_NEIGHBORS            0.015172   
5        52341       5433          THRESHOLD_ATTACK            0.015317   
6        52341       5433       LOGISTIC_REGRESSION            0.059650   
7        52341       5433  MULTI_LAYERED_PERCEPTRON            0.123184   
8        52341       5433             RANDOM_FOREST            0.204691   
9        52341       5433       K_NEAREST_NEIGHBORS            0.121559   
10          30         30          THRESHOLD_ATTACK            0.133333   
11          30         30       LOGISTIC_REGRESSION            0.200000   
12          30         30  MULTI_LAYERED_PERCEPTRON            0.166667   
13          30         30             RANDOM_FOREST            0.333333   
14          30         30       K_NEAREST_NEIGHBORS            0.133333   

    Positive predictive value       AUC  Epsilon lower bound_1  \
0                    1.000000  0.503447               1.041184   
1                    0.913842  0.530071               2.868571   
2                    0.971429  0.573517               2.214272   
3                    0.922009  0.505362               2.246299   
4                    0.916192  0.509598               0.039953   
5                    1.000000  0.503518               1.036251   
6                    0.926894  0.515959               1.954180   
7                    0.973077  0.448501               2.280043   
8                    0.941176  0.519049               2.320925   
9                    0.947158  0.502390               0.545613   
10                   0.666667  0.516667              -0.050755   
11                   0.777778  0.587778               0.120279   
12                   1.000000  0.525556              -0.011785   
13                   1.000000  0.679444               0.755350   
14                   0.750000  0.591667              -0.013555   

    Epsilon lower bound_2  Epsilon lower bound_3  Epsilon lower bound_4  \
0                1.027935               1.014508               1.000899   
1                2.712018               2.629305               2.527099   
2                2.209099               2.208939               2.207201   
3                2.246120               2.245598               2.244186   
4                0.036145               0.024195               0.007220   
5                1.023002               1.009575               0.995965   
6                1.948109               1.912835               1.907910   
7                2.259013               2.255197               2.253402   
8                2.320395               2.319871               2.319143   
9                0.535646               0.259605               0.257711   
10              -0.050755              -0.055295              -0.055295   
11               0.015949              -0.011785              -0.013555   
12              -0.035448              -0.036292              -0.041294   
13               0.545972               0.502802               0.422644   
14              -0.055295              -0.055295              -0.071910   

    Epsilon lower bound_5  
0                0.987101  
1                2.465550  
2                2.207003  
3                2.244139  
4                0.002971  
5                0.982168  
6                1.902784  
7                2.251596  
8                2.318879  
9                0.235254  
10              -0.062108  
11              -0.019393  
12              -0.042017  
13               0.402774  
14              -0.116284  

Max AUC Attacker Result:
SingleAttackResult(
  SliceSpec: Custom indices: slice_name = modified_indices
  DataSize: (ntrain=30, ntest=30)
  AttackType: RANDOM_FOREST
  AUC: 0.68
  Attacker advantage: 0.33
  Positive Predictive Value: 1.00
  Epsilon lower bound: 0.7554, 0.5460, 0.5028, 0.4226, 0.4028
)
