
Dataframe:
    slice feature slice value  train size  test size  \
0  Entire dataset                    8551       1043   
1  Entire dataset                    8551       1043   
2  Entire dataset                    8551       1043   
3  Entire dataset                    8551       1043   
4  Entire dataset                    8551       1043   

                attack type  Attacker advantage  Positive predictive value  \
0          THRESHOLD_ATTACK            0.116258                   1.000000   
1       LOGISTIC_REGRESSION            0.279929                   0.905747   
2  MULTI_LAYERED_PERCEPTRON            0.116723                   0.947368   
3             RANDOM_FOREST            0.129485                   0.906246   
4       K_NEAREST_NEIGHBORS            0.157732                   0.941767   

        AUC  Epsilon lower bound_1  Epsilon lower bound_2  \
0  0.569256               0.412727               0.411115   
1  0.455001               2.453795               2.451385   
2  0.569039               2.692140               2.473769   
3  0.518638               2.241870               2.179342   
4  0.537564               0.382537               0.344572   

   Epsilon lower bound_3  Epsilon lower bound_4  Epsilon lower bound_5  
0               0.409505               0.407898               0.406645  
1               2.447191               2.442859               2.440786  
2               2.371741               2.195946               2.148967  
3               2.176751               2.146271               2.140103  
4               0.313246               0.298422               0.237794  

Max AUC Attacker Result:
SingleAttackResult(
  SliceSpec: Entire dataset
  DataSize: (ntrain=8551, ntest=1043)
  AttackType: THRESHOLD_ATTACK
  AUC: 0.57
  Attacker advantage: 0.12
  Positive Predictive Value: 1.00
  Epsilon lower bound: 0.4127, 0.4111, 0.4095, 0.4079, 0.4066
)
