
Dataframe:
    slice feature slice value  train size  test size  \
0  Entire dataset                    8551       1043   
1  Entire dataset                    8551       1043   
2  Entire dataset                    8551       1043   
3  Entire dataset                    8551       1043   
4  Entire dataset                    8551       1043   

                attack type  Attacker advantage  Positive predictive value  \
0          THRESHOLD_ATTACK            0.066812                   0.978261   
1       LOGISTIC_REGRESSION            0.073166                   1.000000   
2  MULTI_LAYERED_PERCEPTRON            0.281174                   1.000000   
3             RANDOM_FOREST            0.029810                   1.000000   
4       K_NEAREST_NEIGHBORS            0.136731                   0.919747   

        AUC  Epsilon lower bound_1  Epsilon lower bound_2  \
0  0.528887               0.363602               0.357730   
1  0.542698               0.649124               0.644826   
2  0.639990               2.146271               2.121146   
3  0.511301               1.466038               1.458418   
4  0.514975               1.690660               1.041763   

   Epsilon lower bound_3  Epsilon lower bound_4  Epsilon lower bound_5  
0               0.355302               0.352869               0.350430  
1               0.640509               0.636173               0.631819  
2               2.107228               2.100516               2.089742  
3               1.450740               1.419423               1.411439  
4               0.371844               0.369901               0.302399  

Max AUC Attacker Result:
SingleAttackResult(
  SliceSpec: Entire dataset
  DataSize: (ntrain=8551, ntest=1043)
  AttackType: MULTI_LAYERED_PERCEPTRON
  AUC: 0.64
  Attacker advantage: 0.28
  Positive Predictive Value: 1.00
  Epsilon lower bound: 2.1463, 2.1211, 2.1072, 2.1005, 2.0897
)
