
Dataframe:
     slice feature                                        slice value  \
0   Entire dataset                                                      
1   Entire dataset                                                      
2   Entire dataset                                                      
3   Entire dataset                                                      
4   Entire dataset                                                      
5           custom  (array([0, 0, 0, ..., 0, 0, 0]), array([0, 0, ...   
6           custom  (array([0, 0, 0, ..., 0, 0, 0]), array([0, 0, ...   
7           custom  (array([0, 0, 0, ..., 0, 0, 0]), array([0, 0, ...   
8           custom  (array([0, 0, 0, ..., 0, 0, 0]), array([0, 0, ...   
9           custom  (array([0, 0, 0, ..., 0, 0, 0]), array([0, 0, ...   
10          custom  (array([0, 0, 0, ..., 0, 0, 0]), array([0, 0, ...   
11          custom  (array([0, 0, 0, ..., 0, 0, 0]), array([0, 0, ...   
12          custom  (array([0, 0, 0, ..., 0, 0, 0]), array([0, 0, ...   
13          custom  (array([0, 0, 0, ..., 0, 0, 0]), array([0, 0, ...   
14          custom  (array([0, 0, 0, ..., 0, 0, 0]), array([0, 0, ...   

    train size  test size               attack type  Attacker advantage  \
0        25000      25000          THRESHOLD_ATTACK            0.015920   
1        25000      25000       LOGISTIC_REGRESSION            0.015760   
2        25000      25000  MULTI_LAYERED_PERCEPTRON            0.015480   
3        25000      25000             RANDOM_FOREST            0.007200   
4        25000      25000       K_NEAREST_NEIGHBORS            0.001680   
5        24970      24970          THRESHOLD_ATTACK            0.015979   
6        24970      24970       LOGISTIC_REGRESSION            0.013296   
7        24970      24970  MULTI_LAYERED_PERCEPTRON            0.012135   
8        24970      24970             RANDOM_FOREST            0.010453   
9        24970      24970       K_NEAREST_NEIGHBORS            0.006328   
10          30         30          THRESHOLD_ATTACK            0.166667   
11          30         30       LOGISTIC_REGRESSION            0.133333   
12          30         30  MULTI_LAYERED_PERCEPTRON            0.200000   
13          30         30             RANDOM_FOREST            0.166667   
14          30         30       K_NEAREST_NEIGHBORS            0.100000   

    Positive predictive value       AUC  Epsilon lower bound_1  \
0                    0.514124  0.505354               0.177620   
1                    0.553191  0.508376               0.266569   
2                    0.688889  0.507014               0.279652   
3                    0.520833  0.501552               0.090965   
4                    0.503444  0.499942              -0.000066   
5                    0.514851  0.505385               0.177621   
6                    0.637255  0.502427               0.297953   
7                    0.553191  0.504299               0.135326   
8                    0.509804  0.502519               0.197285   
9                    0.531707  0.503278               0.048265   
10                   0.857143  0.503333               0.325710   
11                   1.000000  0.540000              -0.017535   
12                   0.500000  0.416667               0.092557   
13                   1.000000  0.561111              -0.023996   
14                   0.529412  0.504444              -0.050755   

    Epsilon lower bound_2  Epsilon lower bound_3  Epsilon lower bound_4  \
0                0.174889               0.173853               0.173709   
1                0.229136               0.159954               0.156543   
2                0.243595               0.230058               0.221079   
3                0.041024               0.021007               0.020292   
4               -0.000066              -0.003570              -0.005320   
5                0.174890               0.173853               0.173710   
6                0.295096               0.229388               0.229136   
7                0.135193               0.134718               0.134679   
8                0.156154               0.155362               0.151071   
9                0.025185               0.002004               0.001013   
10               0.120279               0.099934               0.032183   
11              -0.036292              -0.042017              -0.042017   
12               0.024365              -0.011785              -0.017535   
13              -0.050755              -0.055295              -0.055295   
14              -0.055295              -0.055295              -0.060736   

    Epsilon lower bound_5  
0                0.172599  
1                0.155362  
2                0.206216  
3                0.019356  
4               -0.005777  
5                0.172600  
6                0.221599  
7                0.134584  
8                0.149706  
9                0.000527  
10               0.015949  
11              -0.050755  
12              -0.019393  
13              -0.060630  
14              -0.085471  

Max AUC Attacker Result:
SingleAttackResult(
  SliceSpec: Custom indices: slice_name = modified_indices
  DataSize: (ntrain=30, ntest=30)
  AttackType: RANDOM_FOREST
  AUC: 0.56
  Attacker advantage: 0.17
  Positive Predictive Value: 1.00
  Epsilon lower bound: -0.0240, -0.0508, -0.0553, -0.0553, -0.0606
)
