
Dataframe:
     slice feature                                        slice value  \
0   Entire dataset                                                      
1   Entire dataset                                                      
2   Entire dataset                                                      
3   Entire dataset                                                      
4   Entire dataset                                                      
5           custom  (array([0, 0, 0, ..., 0, 0, 0]), array([0, 0, ...   
6           custom  (array([0, 0, 0, ..., 0, 0, 0]), array([0, 0, ...   
7           custom  (array([0, 0, 0, ..., 0, 0, 0]), array([0, 0, ...   
8           custom  (array([0, 0, 0, ..., 0, 0, 0]), array([0, 0, ...   
9           custom  (array([0, 0, 0, ..., 0, 0, 0]), array([0, 0, ...   
10          custom  (array([0, 0, 0, ..., 0, 0, 0]), array([0, 0, ...   
11          custom  (array([0, 0, 0, ..., 0, 0, 0]), array([0, 0, ...   
12          custom  (array([0, 0, 0, ..., 0, 0, 0]), array([0, 0, ...   
13          custom  (array([0, 0, 0, ..., 0, 0, 0]), array([0, 0, ...   
14          custom  (array([0, 0, 0, ..., 0, 0, 0]), array([0, 0, ...   

    train size  test size               attack type  Attacker advantage  \
0        25000      25000          THRESHOLD_ATTACK            0.081520   
1        25000      25000       LOGISTIC_REGRESSION            0.080760   
2        25000      25000  MULTI_LAYERED_PERCEPTRON            0.081040   
3        25000      25000             RANDOM_FOREST            0.083560   
4        25000      25000       K_NEAREST_NEIGHBORS            0.032960   
5        24970      24970          THRESHOLD_ATTACK            0.081578   
6        24970      24970       LOGISTIC_REGRESSION            0.080777   
7        24970      24970  MULTI_LAYERED_PERCEPTRON            0.079696   
8        24970      24970             RANDOM_FOREST            0.080376   
9        24970      24970       K_NEAREST_NEIGHBORS            0.052423   
10          30         30          THRESHOLD_ATTACK            0.233333   
11          30         30       LOGISTIC_REGRESSION            0.266667   
12          30         30  MULTI_LAYERED_PERCEPTRON            0.200000   
13          30         30             RANDOM_FOREST            0.266667   
14          30         30       K_NEAREST_NEIGHBORS            0.100000   

    Positive predictive value       AUC  Epsilon lower bound_1  \
0                    0.523567  0.532622               1.315812   
1                    0.523613  0.537172               1.302097   
2                    0.575646  0.542926               1.316587   
3                    0.586957  0.553112               1.392574   
4                    0.520331  0.522461               0.227313   
5                    0.523584  0.532605               1.314899   
6                    0.533040  0.536927               1.268141   
7                    0.569231  0.548109               1.324782   
8                    0.564719  0.551355               1.442986   
9                    0.541761  0.533056               0.678748   
10                   1.000000  0.561111               0.055633   
11                   0.733333  0.611111               0.246270   
12                   0.666667  0.491111               0.092557   
13                   0.625000  0.630556               0.803287   
14                   0.534884  0.496111              -0.042017   

    Epsilon lower bound_2  Epsilon lower bound_3  Epsilon lower bound_4  \
0                1.314898               1.313983               1.313138   
1                1.301784               1.301223               1.300924   
2                1.316087               1.315890               1.315395   
3                1.391760               1.391136               1.390944   
4                0.169329               0.145570               0.069411   
5                1.313984               1.313069               1.312226   
6                1.267548               1.267247               1.266679   
7                1.324725               1.323255               1.323207   
8                1.442160               1.434925               1.433366   
9                0.368302               0.195089               0.114008   
10               0.038434              -0.014993              -0.019949   
11               0.206580               0.201478               0.151658   
12               0.024365              -0.011785              -0.023996   
13               0.667511               0.633212               0.545972   
14              -0.055295              -0.055295              -0.091391   

    Epsilon lower bound_5  
0                1.313067  
1                1.300465  
2                1.315192  
3                1.390129  
4                0.051302  
5                1.312152  
6                1.266351  
7                1.323161  
8                1.431805  
9                0.096186  
10              -0.021314  
11               0.144981  
12              -0.035360  
13               0.510812  
14              -0.109518  

Max AUC Attacker Result:
SingleAttackResult(
  SliceSpec: Custom indices: slice_name = modified_indices
  DataSize: (ntrain=30, ntest=30)
  AttackType: RANDOM_FOREST
  AUC: 0.63
  Attacker advantage: 0.27
  Positive Predictive Value: 0.62
  Epsilon lower bound: 0.8033, 0.6675, 0.6332, 0.5460, 0.5108
)
