
Dataframe:
  slice feature                                        slice value  \
0        custom  (array([0, 0, 0, ..., 0, 0, 0]), array([0, 0, ...   
1        custom  (array([0, 0, 0, ..., 0, 0, 0]), array([0, 0, ...   
2        custom  (array([0, 0, 0, ..., 0, 0, 0]), array([0, 0, ...   
3        custom  (array([0, 0, 0, ..., 0, 0, 0]), array([0, 0, ...   
4        custom  (array([0, 0, 0, ..., 0, 0, 0]), array([0, 0, ...   
5        custom  (array([0, 0, 0, ..., 0, 0, 0]), array([0, 0, ...   
6        custom  (array([0, 0, 0, ..., 0, 0, 0]), array([0, 0, ...   
7        custom  (array([0, 0, 0, ..., 0, 0, 0]), array([0, 0, ...   
8        custom  (array([0, 0, 0, ..., 0, 0, 0]), array([0, 0, ...   
9        custom  (array([0, 0, 0, ..., 0, 0, 0]), array([0, 0, ...   

   train size  test size               attack type  Attacker advantage  \
0       24970      24970          THRESHOLD_ATTACK            0.011654   
1       24970      24970       LOGISTIC_REGRESSION            0.011454   
2       24970      24970  MULTI_LAYERED_PERCEPTRON            0.008210   
3       24970      24970             RANDOM_FOREST            0.006408   
4       24970      24970       K_NEAREST_NEIGHBORS            0.011173   
5          30         30          THRESHOLD_ATTACK            0.266667   
6          30         30       LOGISTIC_REGRESSION            0.366667   
7          30         30  MULTI_LAYERED_PERCEPTRON            0.300000   
8          30         30             RANDOM_FOREST            0.366667   
9          30         30       K_NEAREST_NEIGHBORS            0.233333   

   Positive predictive value       AUC  Epsilon lower bound_1  \
0                   0.533003  0.504293               0.287537   
1                   0.520725  0.505942               0.451488   
2                   0.505912  0.503149               0.076036   
3                   0.577778  0.500235               0.279652   
4                   0.500000  0.494479               0.009728   
5                   1.000000  0.566667               0.168919   
6                   1.000000  0.694444               0.803287   
7                   0.684211  0.585556               0.194520   
8                   0.866667  0.637778               0.845835   
9                   0.666667  0.617222               0.206580   

   Epsilon lower bound_2  Epsilon lower bound_3  Epsilon lower bound_4  \
0               0.244049               0.215152               0.198625   
1               0.266569               0.043532               0.041730   
2               0.073067               0.063297               0.060483   
3               0.255964               0.243596               0.221079   
4               0.007648               0.007604               0.002813   
5               0.127362               0.120279               0.095528   
6               0.667511               0.545972               0.510812   
7               0.156824               0.127362               0.114523   
8               0.755350               0.656024               0.594913   
9               0.062523               0.055633               0.038434   

   Epsilon lower bound_5  
0               0.168773  
1               0.041476  
2               0.057759  
3               0.206216  
4               0.001769  
5               0.093894  
6               0.427234  
7               0.113847  
8               0.545972  
9               0.020124  

Max AUC Attacker Result:
SingleAttackResult(
  SliceSpec: Custom indices: slice_name = modified_indices
  DataSize: (ntrain=30, ntest=30)
  AttackType: LOGISTIC_REGRESSION
  AUC: 0.69
  Attacker advantage: 0.37
  Positive Predictive Value: 1.00
  Epsilon lower bound: 0.8033, 0.6675, 0.5460, 0.5108, 0.4272
)
