
Dataframe:
     slice feature                                        slice value  \
0   Entire dataset                                                      
1   Entire dataset                                                      
2   Entire dataset                                                      
3   Entire dataset                                                      
4   Entire dataset                                                      
5           custom  (array([0, 0, 0, ..., 0, 0, 0]), array([0, 0, ...   
6           custom  (array([0, 0, 0, ..., 0, 0, 0]), array([0, 0, ...   
7           custom  (array([0, 0, 0, ..., 0, 0, 0]), array([0, 0, ...   
8           custom  (array([0, 0, 0, ..., 0, 0, 0]), array([0, 0, ...   
9           custom  (array([0, 0, 0, ..., 0, 0, 0]), array([0, 0, ...   
10          custom  (array([0, 0, 0, ..., 0, 0, 0]), array([0, 0, ...   
11          custom  (array([0, 0, 0, ..., 0, 0, 0]), array([0, 0, ...   
12          custom  (array([0, 0, 0, ..., 0, 0, 0]), array([0, 0, ...   
13          custom  (array([0, 0, 0, ..., 0, 0, 0]), array([0, 0, ...   
14          custom  (array([0, 0, 0, ..., 0, 0, 0]), array([0, 0, ...   

    train size  test size               attack type  Attacker advantage  \
0        25000      25000          THRESHOLD_ATTACK            0.008840   
1        25000      25000       LOGISTIC_REGRESSION            0.008680   
2        25000      25000  MULTI_LAYERED_PERCEPTRON            0.007320   
3        25000      25000             RANDOM_FOREST            0.005040   
4        25000      25000       K_NEAREST_NEIGHBORS            0.009080   
5        24970      24970          THRESHOLD_ATTACK            0.008570   
6        24970      24970       LOGISTIC_REGRESSION            0.007529   
7        24970      24970  MULTI_LAYERED_PERCEPTRON            0.006207   
8        24970      24970             RANDOM_FOREST            0.012095   
9        24970      24970       K_NEAREST_NEIGHBORS            0.005126   
10          30         30          THRESHOLD_ATTACK            0.233333   
11          30         30       LOGISTIC_REGRESSION            0.200000   
12          30         30  MULTI_LAYERED_PERCEPTRON            0.233333   
13          30         30             RANDOM_FOREST            0.166667   
14          30         30       K_NEAREST_NEIGHBORS            0.100000   

    Positive predictive value       AUC  Epsilon lower bound_1  \
0                    0.555556  0.504281               0.045804   
1                    0.666667  0.503098               0.467374   
2                    0.637931  0.503814               0.148199   
3                    0.666667  0.500515               0.296883   
4                    0.504350  0.498180               0.006130   
5                    0.555556  0.504197               0.048772   
6                    0.543478  0.502381               0.041024   
7                    0.575758  0.499676               1.052048   
8                    0.526676  0.505755               0.159779   
9                    0.501240  0.498987              -0.000066   
10                   1.000000  0.577778               0.289350   
11                   0.519231  0.447778               0.047603   
12                   1.000000  0.588889               0.163422   
13                   0.666667  0.557778               0.020124   
14                   0.534884  0.486667              -0.055295   

    Epsilon lower bound_2  Epsilon lower bound_3  Epsilon lower bound_4  \
0                0.045397               0.045330               0.045297   
1                0.344548               0.228567               0.204986   
2                0.144889               0.143945               0.140517   
3                0.257641               0.240771               0.233305   
4                0.003192              -0.000066              -0.000066   
5                0.047126               0.046570               0.046336   
6                0.012883               0.012572               0.012325   
7                0.919494               0.766894               0.743701   
8                0.134800               0.130652               0.125014   
9               -0.000066              -0.000586              -0.001712   
10               0.206580               0.163422               0.092557   
11               0.018207               0.014616               0.005830   
12               0.137408               0.087325               0.047603   
13               0.001441              -0.019393              -0.030504   
14              -0.055295              -0.062108              -0.089319   

    Epsilon lower bound_5  
0                0.044955  
1                0.197752  
2                0.138359  
3                0.220199  
4               -0.001839  
5                0.045399  
6                0.012001  
7                0.587180  
8                0.122105  
9               -0.001858  
10               0.070833  
11              -0.017535  
12               0.044486  
13              -0.041294  
14              -0.109518  

Max AUC Attacker Result:
SingleAttackResult(
  SliceSpec: Custom indices: slice_name = modified_indices
  DataSize: (ntrain=30, ntest=30)
  AttackType: MULTI_LAYERED_PERCEPTRON
  AUC: 0.59
  Attacker advantage: 0.23
  Positive Predictive Value: 1.00
  Epsilon lower bound: 0.1634, 0.1374, 0.0873, 0.0476, 0.0445
)
