
Dataframe:
     slice feature                                        slice value  \
0   Entire dataset                                                      
1   Entire dataset                                                      
2   Entire dataset                                                      
3   Entire dataset                                                      
4   Entire dataset                                                      
5           custom  (array([0, 0, 0, ..., 0, 0, 0]), array([0, 0, ...   
6           custom  (array([0, 0, 0, ..., 0, 0, 0]), array([0, 0, ...   
7           custom  (array([0, 0, 0, ..., 0, 0, 0]), array([0, 0, ...   
8           custom  (array([0, 0, 0, ..., 0, 0, 0]), array([0, 0, ...   
9           custom  (array([0, 0, 0, ..., 0, 0, 0]), array([0, 0, ...   
10          custom  (array([0, 0, 0, ..., 0, 0, 0]), array([0, 0, ...   
11          custom  (array([0, 0, 0, ..., 0, 0, 0]), array([0, 0, ...   
12          custom  (array([0, 0, 0, ..., 0, 0, 0]), array([0, 0, ...   
13          custom  (array([0, 0, 0, ..., 0, 0, 0]), array([0, 0, ...   
14          custom  (array([0, 0, 0, ..., 0, 0, 0]), array([0, 0, ...   

    train size  test size               attack type  Attacker advantage  \
0        25000      25000          THRESHOLD_ATTACK            0.009560   
1        25000      25000       LOGISTIC_REGRESSION            0.014440   
2        25000      25000  MULTI_LAYERED_PERCEPTRON            0.008360   
3        25000      25000             RANDOM_FOREST            0.012720   
4        25000      25000       K_NEAREST_NEIGHBORS            0.006840   
5        24970      24970          THRESHOLD_ATTACK            0.009772   
6        24970      24970       LOGISTIC_REGRESSION            0.010973   
7        24970      24970  MULTI_LAYERED_PERCEPTRON            0.010493   
8        24970      24970             RANDOM_FOREST            0.011454   
9        24970      24970       K_NEAREST_NEIGHBORS            0.004926   
10          30         30          THRESHOLD_ATTACK            0.200000   
11          30         30       LOGISTIC_REGRESSION            0.300000   
12          30         30  MULTI_LAYERED_PERCEPTRON            0.233333   
13          30         30             RANDOM_FOREST            0.133333   
14          30         30       K_NEAREST_NEIGHBORS            0.400000   

    Positive predictive value       AUC  Epsilon lower bound_1  \
0                    0.536842  0.504506               0.135760   
1                    0.524096  0.505674               0.155362   
2                    0.604317  0.501570               0.140847   
3                    0.553571  0.506692               0.027428   
4                    0.509214  0.504080               0.006038   
5                    0.536842  0.504573               0.144246   
6                    0.539683  0.505818               0.368801   
7                    0.714286  0.503829               0.348146   
8                    0.533333  0.504146               0.041024   
9                    0.518519  0.503175               0.018281   
10                   1.000000  0.444444               0.047603   
11                   0.519231  0.384444               0.282476   
12                   0.666667  0.576667               0.068644   
13                   1.000000  0.468889               0.099934   
14                   0.500000  0.290000               0.757437   

    Epsilon lower bound_2  Epsilon lower bound_3  Epsilon lower bound_4  \
0                0.130939               0.129784               0.128642   
1                0.075876               0.033925               0.019359   
2                0.128123               0.124237               0.117761   
3                0.027112               0.027079               0.027065   
4                0.001376              -0.000066              -0.000066   
5                0.139380               0.138159               0.136953   
6                0.266569               0.090965               0.090965   
7                0.322567               0.289694               0.279652   
8                0.037091               0.036790               0.035581   
9                0.001284              -0.000066              -0.000066   
10               0.020124               0.014616               0.001441   
11               0.194520               0.163422               0.156824   
12               0.040804              -0.001143              -0.002039   
13               0.005399              -0.019393              -0.030504   
14               0.283648               0.113847               0.049366   

    Epsilon lower bound_5  
0                0.126096  
1                0.019241  
2                0.115237  
3                0.027055  
4               -0.001602  
5                0.134491  
6                0.072282  
7                0.277812  
8                0.035418  
9               -0.000305  
10              -0.011785  
11               0.127362  
12              -0.008994  
13              -0.036292  
14              -0.041294  

Max AUC Attacker Result:
SingleAttackResult(
  SliceSpec: Custom indices: slice_name = modified_indices
  DataSize: (ntrain=30, ntest=30)
  AttackType: MULTI_LAYERED_PERCEPTRON
  AUC: 0.58
  Attacker advantage: 0.23
  Positive Predictive Value: 0.67
  Epsilon lower bound: 0.0686, 0.0408, -0.0011, -0.0020, -0.0090
)
