
Dataframe:
     slice feature                                        slice value  \
0   Entire dataset                                                      
1   Entire dataset                                                      
2   Entire dataset                                                      
3   Entire dataset                                                      
4   Entire dataset                                                      
5           custom  (array([0, 0, 0, ..., 0, 0, 0]), array([0, 0, ...   
6           custom  (array([0, 0, 0, ..., 0, 0, 0]), array([0, 0, ...   
7           custom  (array([0, 0, 0, ..., 0, 0, 0]), array([0, 0, ...   
8           custom  (array([0, 0, 0, ..., 0, 0, 0]), array([0, 0, ...   
9           custom  (array([0, 0, 0, ..., 0, 0, 0]), array([0, 0, ...   
10          custom  (array([0, 0, 0, ..., 0, 0, 0]), array([0, 0, ...   
11          custom  (array([0, 0, 0, ..., 0, 0, 0]), array([0, 0, ...   
12          custom  (array([0, 0, 0, ..., 0, 0, 0]), array([0, 0, ...   
13          custom  (array([0, 0, 0, ..., 0, 0, 0]), array([0, 0, ...   
14          custom  (array([0, 0, 0, ..., 0, 0, 0]), array([0, 0, ...   

    train size  test size               attack type  Attacker advantage  \
0        52371       5463          THRESHOLD_ATTACK            0.017788   
1        52371       5463       LOGISTIC_REGRESSION            0.076546   
2        52371       5463  MULTI_LAYERED_PERCEPTRON            0.101322   
3        52371       5463             RANDOM_FOREST            0.079213   
4        52371       5463       K_NEAREST_NEIGHBORS            0.009454   
5        52341       5433          THRESHOLD_ATTACK            0.017741   
6        52341       5433       LOGISTIC_REGRESSION            0.047579   
7        52341       5433  MULTI_LAYERED_PERCEPTRON            0.085888   
8        52341       5433             RANDOM_FOREST            0.153333   
9        52341       5433       K_NEAREST_NEIGHBORS            0.131003   
10          30         30          THRESHOLD_ATTACK            0.200000   
11          30         30       LOGISTIC_REGRESSION            0.133333   
12          30         30  MULTI_LAYERED_PERCEPTRON            0.133333   
13          30         30             RANDOM_FOREST            0.300000   
14          30         30       K_NEAREST_NEIGHBORS            0.166667   

    Positive predictive value       AUC  Epsilon lower bound_1  \
0                    0.906547  0.492183               0.195741   
1                    0.913054  0.513897               1.852332   
2                    0.917383  0.512512               2.629305   
3                    0.990385  0.501584               1.234274   
4                    0.909820  0.504708              -0.000132   
5                    0.907216  0.492354               0.200680   
6                    0.966667  0.530876               1.064252   
7                    0.929825  0.531816               0.882121   
8                    0.985294  0.508789               0.700604   
9                    0.930205  0.512236               1.591460   
10                   1.000000  0.464444              -0.023723   
11                   0.576923  0.540000              -0.013555   
12                   1.000000  0.478889              -0.013555   
13                   0.500000  0.337222               0.332980   
14                   1.000000  0.555556              -0.050755   

    Epsilon lower bound_2  Epsilon lower bound_3  Epsilon lower bound_4  \
0                0.190902               0.186086               0.185821   
1                1.845324               1.830845               1.827233   
2                2.589959               2.548249               2.527099   
3                1.232775               1.230713               1.230225   
4               -0.000296              -0.001400              -0.004369   
5                0.195841               0.191025               0.190759   
6                0.882121               0.862599               0.728701   
7                0.862599               0.728701               0.631107   
8                0.699620               0.697650               0.696664   
9                1.029687               0.402851               0.360128   
10              -0.026810              -0.036292              -0.042017   
11              -0.030504              -0.041294              -0.041294   
12              -0.030504              -0.036292              -0.041294   
13               0.246270               0.246270               0.244608   
14              -0.055295              -0.055295              -0.060736   

    Epsilon lower bound_5  
0                0.181718  
1                1.819475  
2                2.517685  
3                1.229205  
4               -0.004585  
5                0.186656  
6                0.631107  
7                0.596055  
8                0.695677  
9                0.313012  
10              -0.050755  
11              -0.042017  
12              -0.042017  
13               0.206580  
14              -0.073781  

Max AUC Attacker Result:
SingleAttackResult(
  SliceSpec: Custom indices: slice_name = modified_indices
  DataSize: (ntrain=30, ntest=30)
  AttackType: K_NEAREST_NEIGHBORS
  AUC: 0.56
  Attacker advantage: 0.17
  Positive Predictive Value: 1.00
  Epsilon lower bound: -0.0508, -0.0553, -0.0553, -0.0607, -0.0738
)
